2025-03-12T18:25:58.687Z AMDA	ace-epam-ca60	1997-08-30T17:01:00Z	2024-02-29T23:48:00Z
2025-03-12T18:25:58.688Z AMDA	ace-epam-de	1997-08-30T17:01:00Z	2024-02-29T23:48:00Z
2025-03-12T18:25:58.689Z AMDA	ace-epam-lefs150	1997-08-30T17:01:00Z	2024-02-29T23:48:00Z
2025-03-12T18:25:58.689Z AMDA	ace-epam-lefs60	1997-08-30T17:01:00Z	2024-02-29T23:48:00Z
2025-03-12T18:25:58.689Z AMDA	ace-epam-lems120	1997-08-30T17:01:00Z	2024-02-29T23:48:00Z
2025-03-12T18:25:58.690Z AMDA	ace-epam-lems30	1997-08-30T17:01:00Z	2024-02-29T23:48:00Z
2025-03-12T18:25:58.690Z AMDA	ace-epam-wartd	1997-08-30T17:01:00Z	2024-02-29T23:48:00Z
2025-03-12T18:25:58.691Z AMDA	ace-orb-all	1997-08-25T17:48:00Z	2024-04-30T23:59:00Z
2025-03-12T18:25:58.691Z AMDA	ace-imf-all	1997-09-02T00:00:12Z	2024-04-06T23:59:53Z
2025-03-12T18:25:58.692Z AMDA	ace-mag-real	2024-01-15T00:00:00Z	2024-04-18T02:59:59Z
2025-03-12T18:25:58.692Z AMDA	ace-swe-all	1998-02-04T00:00:31Z	2021-06-01T23:59:23Z
2025-03-12T18:25:58.692Z AMDA	ace-swepam-real	2024-01-15T00:00:00Z	2024-04-18T01:59:59Z
2025-03-12T18:25:58.693Z AMDA	ace-swepam-stea	1997-12-16T00:00:52Z	2017-07-25T23:57:35Z
2025-03-12T18:25:58.693Z AMDA	ace-swp-all	2001-01-01T00:00:00Z	2024-04-06T23:55:00Z
2025-03-12T18:25:58.694Z AMDA	cce-mag-all	1984-08-20T23:59:54Z	1989-01-09T23:59:34Z
2025-03-12T18:25:58.694Z AMDA	cce-mepa-mag	1984-08-29T13:02:44Z	1989-01-11T00:00:03Z
2025-03-12T18:25:58.695Z AMDA	cce-mepa-pa	1984-08-21T17:59:10Z	1989-01-11T12:10:46Z
2025-03-12T18:25:58.695Z AMDA	cce-orb-all	1984-08-16T16:16:00Z	1989-01-11T11:58:59Z
2025-03-12T18:25:58.695Z AMDA	irm-mag-all	1984-09-01T05:51:40Z	1986-04-10T04:20:10Z
2025-03-12T18:25:58.696Z AMDA	irm-orb-all	1984-09-12T00:13:00Z	1986-08-29T23:59:00Z
2025-03-12T18:25:58.696Z AMDA	irm-pla-all	1984-09-01T05:51:40Z	1986-04-10T04:20:10Z
2025-03-12T18:25:58.697Z AMDA	irm-sul-all	1984-09-01T05:51:40Z	1986-04-10T04:20:10Z
2025-03-12T18:25:58.697Z AMDA	irm-wav-b	1984-09-01T05:51:40Z	1986-04-10T04:20:10Z
2025-03-12T18:25:58.698Z AMDA	irm-wav-elec	1984-09-01T05:51:40Z	1986-04-10T04:20:10Z
2025-03-12T18:25:58.698Z AMDA	irm-wav-sp	1984-09-01T05:51:40Z	1986-04-10T04:20:10Z
2025-03-12T18:25:58.698Z AMDA	uks-elx-all	1984-08-26T13:55:35Z	1985-01-15T08:01:00Z
2025-03-12T18:25:58.699Z AMDA	uks-ion-ftr	1984-08-26T13:51:48Z	1985-01-15T07:50:33Z
2025-03-12T18:25:58.699Z AMDA	uks-ion-swi	1984-08-27T14:50:39Z	1984-12-29T07:10:56Z
2025-03-12T18:25:58.700Z AMDA	uks-mag-all	1984-08-21T08:24:42Z	1985-01-15T08:01:02Z
2025-03-12T18:25:58.700Z AMDA	uks-orb-all	1984-08-18T23:55:00Z	1985-01-15T08:00:00Z
2025-03-12T18:25:58.701Z AMDA	athp1-esa-l2e	2011-06-29T00:00:00Z	2024-04-16T02:20:41Z
2025-03-12T18:25:58.701Z AMDA	athp1-esa-l2i	2011-06-29T00:00:00Z	2024-04-16T02:27:42Z
2025-03-12T18:25:58.702Z AMDA	athp1-peem-all	2011-06-29T00:00:00Z	2024-04-16T02:20:58Z
2025-03-12T18:25:58.702Z AMDA	athp1-peim-all	2011-06-29T00:00:00Z	2024-04-16T02:20:58Z
2025-03-12T18:25:58.703Z AMDA	athp1-orb-all	2011-06-29T00:00:00Z	2024-04-16T18:26:07Z
2025-03-12T18:25:58.703Z AMDA	athp1-fgm-l	2011-06-29T00:00:00Z	2024-04-16T18:26:07Z
2025-03-12T18:25:58.703Z AMDA	athp1-fgm-s	2011-06-29T00:00:00Z	2024-04-16T16:27:58Z
2025-03-12T18:25:58.704Z AMDA	athp2-esa-l2e	2011-07-17T00:00:00Z	2024-04-14T01:07:51Z
2025-03-12T18:25:58.704Z AMDA	athp2-esa-l2i	2011-07-17T00:00:00Z	2024-04-14T01:05:48Z
2025-03-12T18:25:58.705Z AMDA	athp2-peem-all	2011-07-17T00:00:00Z	2024-04-14T01:05:19Z
2025-03-12T18:25:58.705Z AMDA	athp2-peim-all	2011-07-17T00:00:00Z	2024-04-14T01:05:19Z
2025-03-12T18:25:58.705Z AMDA	athp2-orb-all	2011-07-17T00:00:00Z	2024-04-17T23:59:00Z
2025-03-12T18:25:58.706Z AMDA	athp2-fgm-l	2011-07-17T00:00:00Z	2024-04-13T12:26:04Z
2025-03-12T18:25:58.706Z AMDA	athp2-fgm-s	2011-07-17T00:00:00Z	2024-04-13T19:41:54Z
2025-03-12T18:25:58.707Z AMDA	bepi-cruise-all	2018-10-21T00:00:00Z	2025-10-31T22:00:00Z
2025-03-12T18:25:58.707Z AMDA	bepi-orb-earth	2020-04-09T00:00:00Z	2020-04-11T23:50:00Z
2025-03-12T18:25:58.708Z AMDA	bepi-orb-mercury1	2021-10-01T00:00:00Z	2021-10-03T23:58:00Z
2025-03-12T18:25:58.708Z AMDA	bepi-orb-mercury2	2022-06-22T00:00:00Z	2022-06-24T23:58:00Z
2025-03-12T18:25:58.708Z AMDA	bepi-orb-mercury3	2023-06-19T00:00:00Z	2023-06-21T23:58:00Z
2025-03-12T18:25:58.709Z AMDA	bepi-orb-venus1	2020-10-14T00:00:00Z	2020-10-16T23:59:00Z
2025-03-12T18:25:58.709Z AMDA	bepi-orb-venus2	2021-08-10T00:00:00Z	2021-08-12T23:58:00Z
2025-03-12T18:25:58.710Z AMDA	bepi-kt17-model1	2021-10-01T00:00:00Z	2021-10-03T23:58:00Z
2025-03-12T18:25:58.710Z AMDA	bepi-kt17-model2	2022-06-22T00:00:00Z	2022-06-24T23:58:00Z
2025-03-12T18:25:58.710Z AMDA	bepi-kt17-model3	2023-06-19T00:00:00Z	2023-06-21T23:58:00Z
2025-03-12T18:25:58.711Z AMDA	cass-caps-act	2004-05-15T00:07:30Z	2012-06-02T06:12:09Z
2025-03-12T18:25:58.711Z AMDA	cass-caps-elemo	1999-08-17T11:41:57Z	2012-06-02T06:11:45Z
2025-03-12T18:25:58.712Z AMDA	cass-caps-elssec	2004-05-15T00:07:30Z	2012-06-02T06:12:09Z
2025-03-12T18:25:58.712Z AMDA	cass-caps-fit	2004-07-02T04:11:26Z	2012-05-24T23:27:50Z
2025-03-12T18:25:58.712Z AMDA	cass-caps-ionmo	2004-06-28T00:03:24Z	2012-06-02T06:03:13Z
2025-03-12T18:25:58.713Z AMDA	cass-caps-scpot	1999-08-17T11:41:57Z	2012-06-02T06:12:09Z
2025-03-12T18:25:58.713Z AMDA	cass-caps-snghr	2004-05-15T00:07:30Z	2012-06-02T06:11:45Z
2025-03-12T18:25:58.714Z AMDA	cass-ephem-eqt	2000-10-07T00:00:00Z	2001-05-10T23:55:00Z
2025-03-12T18:25:58.714Z AMDA	cass-orb-cruise	1997-11-15T00:00:00Z	2004-07-04T10:00:00Z
2025-03-12T18:25:58.715Z AMDA	cass-orb-1s	2004-03-01T00:00:00Z	2017-09-15T11:54:58Z
2025-03-12T18:25:58.715Z AMDA	cass-orb-60s	2004-03-01T00:00:00Z	2017-09-15T11:55:00Z
2025-03-12T18:25:58.715Z AMDA	cass-orb-saturn	2004-03-01T00:00:00Z	2017-09-15T11:50:00Z
2025-03-12T18:25:58.716Z AMDA	cass-ephem-polar	2003-01-01T00:00:00Z	2017-09-15T00:00:00Z
2025-03-12T18:25:58.716Z AMDA	cass-ephem-sls3	2004-01-01T00:10:00Z	2007-08-11T00:00:00Z
2025-03-12T18:25:58.717Z AMDA	cass-sls4-north	2006-04-05T00:00:00Z	2009-09-17T00:00:00Z
2025-03-12T18:25:58.717Z AMDA	cass-sls4-south	2004-09-12T00:00:00Z	2011-01-10T00:00:00Z
2025-03-12T18:25:58.717Z AMDA	cass-mag-krtphr	2004-05-11T00:00:04Z	2017-09-15T10:31:44Z
2025-03-12T18:25:58.718Z AMDA	cass-mag-orb1	2004-05-14T00:00:24Z	2017-09-12T05:27:18Z
2025-03-12T18:25:58.718Z AMDA	cass-mag-orb60	2004-01-01T00:00:30Z	2017-09-12T22:14:31Z
2025-03-12T18:25:58.719Z AMDA	cass-mag-jup	2001-01-01T02:26:04Z	2001-03-02T06:32:37Z
2025-03-12T18:25:58.719Z AMDA	cass-mag-rtn1	2001-01-01T02:26:04Z	2017-09-12T05:27:18Z
2025-03-12T18:25:58.719Z AMDA	cass-mag-rtn60	2001-01-01T02:26:30Z	2017-09-12T22:14:31Z
2025-03-12T18:25:58.720Z AMDA	cass-lemms-acc1hour	2004-01-01T00:30:30Z	2017-09-15T22:52:30Z
2025-03-12T18:25:58.720Z AMDA	cass-lemms-acc1min	2004-01-01T00:00:30Z	2017-09-15T23:59:30Z
2025-03-12T18:25:58.721Z AMDA	cass-lemms-pha1hour	2004-01-01T00:30:00Z	2017-09-15T23:30:00Z
2025-03-12T18:25:58.721Z AMDA	cass-lemms-pha1min	2004-01-01T00:00:30Z	2017-09-15T23:59:30Z
2025-03-12T18:25:58.721Z AMDA	dione-ephem-polar	2003-01-01T00:00:00Z	2018-01-01T00:00:00Z
2025-03-12T18:25:58.722Z AMDA	dione-orb-sls3	2004-01-01T00:10:00Z	2007-08-11T00:00:00Z
2025-03-12T18:25:58.722Z AMDA	encelad-ephem-pol	2003-01-01T00:00:00Z	2018-01-01T00:00:00Z
2025-03-12T18:25:58.723Z AMDA	encelad-orb-sls3	2004-01-01T00:10:00Z	2007-08-11T00:00:00Z
2025-03-12T18:25:58.723Z AMDA	mimas-ephem-polar	2003-01-01T00:00:00Z	2018-01-01T00:00:00Z
2025-03-12T18:25:58.724Z AMDA	mimas-orb-sls3	2004-01-01T00:10:00Z	2007-08-11T00:00:00Z
2025-03-12T18:25:58.724Z AMDA	rhea-ephem-polar	2003-01-01T00:00:00Z	2018-01-01T00:00:00Z
2025-03-12T18:25:58.724Z AMDA	rhea-orb-sls3	2004-01-01T00:10:00Z	2007-08-11T00:00:00Z
2025-03-12T18:25:58.725Z AMDA	tethys-ephem-pol	2003-01-01T00:00:00Z	2018-01-01T00:00:00Z
2025-03-12T18:25:58.725Z AMDA	tethys-orb-sls3	2004-01-01T00:10:00Z	2007-08-11T00:00:00Z
2025-03-12T18:25:58.726Z AMDA	titan-ephem-polar	2003-01-01T00:00:00Z	2018-01-01T00:00:00Z
2025-03-12T18:25:58.726Z AMDA	titan-orb-sls3	2004-01-01T00:10:00Z	2007-08-11T00:00:00Z
2025-03-12T18:25:58.726Z AMDA	cass-fpe-earth	1999-08-18T02:36:40Z	1999-08-18T03:38:17Z
2025-03-12T18:25:58.727Z AMDA	cass-fpe-encel	2005-02-17T01:26:31Z	2015-12-19T19:15:02Z
2025-03-12T18:25:58.727Z AMDA	cass-fpe-jup	2001-01-09T08:00:32Z	2001-02-18T23:58:31Z
2025-03-12T18:25:58.728Z AMDA	cass-fpe-sat	2004-06-30T20:34:57Z	2017-09-15T10:31:33Z
2025-03-12T18:25:58.728Z AMDA	cass-lp-ni	2005-02-16T05:10:50Z	2016-06-29T19:36:05Z
2025-03-12T18:25:58.729Z AMDA	cass-rpws-encelad	2008-03-12T18:40:37Z	2008-10-31T17:35:51Z
2025-03-12T18:25:58.729Z AMDA	cass-rpws-neproxy	2004-08-27T00:03:27Z	2015-12-31T22:28:25Z
2025-03-12T18:25:58.729Z AMDA	cass-rpws-qtn	2004-06-30T15:05:05Z	2012-04-15T04:15:42Z
2025-03-12T18:25:58.730Z AMDA	cass-rpws-saturn	2004-12-14T00:02:06Z	2016-01-30T16:04:08Z
2025-03-12T18:25:58.730Z AMDA	cass-rpws-skr	2003-01-01T00:00:00Z	2017-09-15T23:59:59Z
2025-03-12T18:25:58.731Z AMDA	cass-rpws-titan	2004-10-26T15:08:31Z	2016-02-17T00:01:09Z
2025-03-12T18:25:58.731Z AMDA	cass-rpws-ui	1997-10-25T00:09:18Z	2014-04-29T23:59:23Z
2025-03-12T18:25:58.731Z AMDA	cass-skr-phase	2004-01-01T00:00:00Z	2010-07-12T00:00:00Z
2025-03-12T18:25:58.732Z AMDA	clust1-cis-prp	2001-01-10T14:54:04Z	2018-12-24T15:46:53Z
2025-03-12T18:25:58.732Z AMDA	clust1-hia-mom	2001-01-10T16:57:51Z	2020-06-16T19:03:12Z
2025-03-12T18:25:58.733Z AMDA	clust1-hia-pad	2001-01-31T01:02:11Z	2020-06-16T19:03:48Z
2025-03-12T18:25:58.733Z AMDA	clust1-efw-ppp	2001-01-01T00:00:02Z	2019-09-30T23:59:58Z
2025-03-12T18:25:58.734Z AMDA	clust1-orb-all	2000-08-22T00:00:00Z	2023-12-04T22:21:00Z
2025-03-12T18:25:58.734Z AMDA	clust1-fgm-high	2001-01-07T05:14:25Z	2023-01-01T23:59:59Z
2025-03-12T18:25:58.734Z AMDA	clust1-fgm-prp	2001-01-07T05:14:29Z	2023-01-01T23:59:57Z
2025-03-12T18:25:58.735Z AMDA	c1-msph-models	2000-08-22T00:00:00Z	2023-12-04T22:21:00Z
2025-03-12T18:25:58.735Z AMDA	c1-t96-model	2000-08-22T00:00:00Z	2023-12-04T22:21:00Z
2025-03-12T18:25:58.736Z AMDA	clust1-pea-mom	2001-01-09T15:15:23Z	2021-12-31T21:04:57Z
2025-03-12T18:25:58.736Z AMDA	clust1-pea-pa	2001-01-09T15:13:07Z	2021-12-30T18:55:56Z
2025-03-12T18:25:58.737Z AMDA	clust1-sta-pp	2001-01-09T09:04:28Z	2012-12-31T23:59:48Z
2025-03-12T18:25:58.737Z AMDA	clust1-whi-pp	2001-01-09T09:04:42Z	2012-12-31T23:59:54Z
2025-03-12T18:25:58.738Z AMDA	clust1-whi-whi	2001-02-04T10:45:59Z	2022-12-29T23:57:34Z
2025-03-12T18:25:58.738Z AMDA	clust2-efw-ppp	2001-01-01T00:00:06Z	2019-09-30T23:59:54Z
2025-03-12T18:25:58.739Z AMDA	clust2-orb-all	2000-08-22T00:00:00Z	2023-11-26T00:00:00Z
2025-03-12T18:25:58.739Z AMDA	clust2-fgm-high	2001-01-07T06:14:55Z	2023-01-01T23:59:59Z
2025-03-12T18:25:58.740Z AMDA	clust2-fgm-prp	2001-01-07T06:15:01Z	2023-01-01T23:59:59Z
2025-03-12T18:25:58.740Z AMDA	c2-msph-models	2000-08-22T00:00:00Z	2023-11-26T00:00:00Z
2025-03-12T18:25:58.741Z AMDA	c2-t96-model	2000-08-22T00:00:00Z	2023-11-26T00:00:00Z
2025-03-12T18:25:58.741Z AMDA	clust2-pea-mom	2001-08-01T00:00:11Z	2021-12-31T23:59:51Z
2025-03-12T18:25:58.742Z AMDA	clust2-pea-pa	2001-01-09T15:13:08Z	2021-12-30T23:59:45Z
2025-03-12T18:25:58.742Z AMDA	clust2-sta-pp	2001-01-09T15:10:02Z	2012-12-31T23:59:46Z
2025-03-12T18:25:58.743Z AMDA	clust2-whi-pp	2001-01-09T15:10:02Z	2012-12-31T23:59:50Z
2025-03-12T18:25:58.743Z AMDA	clust2-whi-whi	2001-02-07T00:00:09Z	2022-12-30T23:57:05Z
2025-03-12T18:25:58.744Z AMDA	clust3-cis-prp	2001-01-09T17:50:48Z	2009-12-15T14:42:52Z
2025-03-12T18:25:58.744Z AMDA	clust3-hia-mom	2001-01-09T17:50:46Z	2009-11-11T08:17:03Z
2025-03-12T18:25:58.745Z AMDA	clust3-hia-pad	2001-01-31T01:02:10Z	2009-11-11T08:17:05Z
2025-03-12T18:25:58.745Z AMDA	clust3-efw-ppp	2001-01-01T00:00:02Z	2019-09-30T23:59:54Z
2025-03-12T18:25:58.746Z AMDA	clust3-orb-all	2000-08-22T00:00:00Z	2023-11-26T00:00:00Z
2025-03-12T18:25:58.746Z AMDA	clust3-fgm-high	2001-01-07T00:10:02Z	2023-01-01T23:59:59Z
2025-03-12T18:25:58.747Z AMDA	clust3-fgm-prp	2001-01-07T00:10:07Z	2023-01-01T23:59:56Z
2025-03-12T18:25:58.747Z AMDA	c3-msph-models	2000-08-22T00:00:00Z	2023-11-26T00:00:00Z
2025-03-12T18:25:58.748Z AMDA	c3-t96-model	2000-08-22T00:00:00Z	2023-11-26T00:00:00Z
2025-03-12T18:25:58.748Z AMDA	clust3-pea-mom	2001-01-09T15:15:12Z	2021-12-30T20:30:04Z
2025-03-12T18:25:58.749Z AMDA	clust3-pea-pa	2001-01-09T15:13:04Z	2021-12-30T20:30:55Z
2025-03-12T18:25:58.749Z AMDA	clust3-sta-pp	2001-01-09T04:39:20Z	2012-12-31T23:59:47Z
2025-03-12T18:25:58.750Z AMDA	clust3-whi-pp	2001-01-09T04:39:18Z	2012-12-31T23:59:54Z
2025-03-12T18:25:58.750Z AMDA	clust3-whi-whi	2001-02-07T00:00:08Z	2022-12-30T23:59:43Z
2025-03-12T18:25:58.750Z AMDA	clust4-cis-prp	2001-01-09T16:27:04Z	2017-01-24T23:59:59Z
2025-03-12T18:25:58.751Z AMDA	clust4-efw-ppp	2001-01-01T00:00:02Z	2019-09-30T23:59:58Z
2025-03-12T18:25:58.751Z AMDA	clust4-orb-all	2000-08-22T00:00:00Z	2023-12-04T19:42:00Z
2025-03-12T18:25:58.752Z AMDA	clust4-fgm-high	2001-01-07T00:15:19Z	2023-01-01T23:59:59Z
2025-03-12T18:25:58.752Z AMDA	clust4-fgm-prp	2001-01-07T00:15:21Z	2023-01-01T23:59:56Z
2025-03-12T18:25:58.753Z AMDA	c4-msph-models	2000-08-22T00:00:00Z	2023-12-04T19:42:00Z
2025-03-12T18:25:58.753Z AMDA	c4-t96-model	2000-08-22T00:00:00Z	2023-12-04T19:42:00Z
2025-03-12T18:25:58.754Z AMDA	clust4-pea-mom	2001-01-09T15:15:32Z	2021-12-30T20:29:57Z
2025-03-12T18:25:58.754Z AMDA	clust4-pea-pa	2001-01-09T15:13:08Z	2021-12-30T20:30:55Z
2025-03-12T18:25:58.755Z AMDA	clust4-sta-pp	2001-01-09T09:05:03Z	2012-12-31T23:59:45Z
2025-03-12T18:25:58.755Z AMDA	clust4-whi-pp	2001-01-09T09:05:10Z	2012-12-31T23:59:54Z
2025-03-12T18:25:58.756Z AMDA	clust4-whi-whi	2001-02-07T00:00:08Z	2022-12-30T23:58:52Z
2025-03-12T18:25:58.756Z AMDA	dsc-orb-all	2015-03-09T00:25:33Z	2023-05-28T23:00:27Z
2025-03-12T18:25:58.756Z AMDA	dsc-fc-1m	2016-08-01T00:00:00Z	2024-04-17T23:59:00Z
2025-03-12T18:25:58.757Z AMDA	dsc-fc-3s	2016-08-01T00:00:00Z	2024-04-17T23:59:40Z
2025-03-12T18:25:58.757Z AMDA	dsc-mag-1m	2016-08-01T00:00:00Z	2024-04-17T23:59:00Z
2025-03-12T18:25:58.758Z AMDA	dsc-mag-1s	2016-08-01T00:00:00Z	2024-04-17T23:59:59Z
2025-03-12T18:25:58.758Z AMDA	dstar1-orb-all	2004-02-01T00:00:00Z	2007-10-10T12:38:00Z
2025-03-12T18:25:58.758Z AMDA	dstar1-fgm-prp	2004-01-08T03:43:36Z	2007-08-31T11:48:11Z
2025-03-12T18:25:58.759Z AMDA	dstar1-hia-prp	2004-02-04T02:40:38Z	2007-09-29T06:38:33Z
2025-03-12T18:25:58.759Z AMDA	eiscat-32m-all	2007-12-04T11:35:08Z	2012-02-16T00:23:41Z
2025-03-12T18:25:58.760Z AMDA	eiscat-42m-all	2003-11-01T00:00:48Z	2012-02-16T01:59:34Z
2025-03-12T18:25:58.760Z AMDA	eiscat-uhf-all	2003-10-29T09:09:52Z	2011-02-18T23:59:30Z
2025-03-12T18:25:58.760Z AMDA	eiscat-vhf-all	2007-12-05T06:08:32Z	2011-02-19T00:59:10Z
2025-03-12T18:25:58.761Z AMDA	earth-orb-all	1970-01-01T00:00:05Z	2035-12-31T23:00:04Z
2025-03-12T18:25:58.761Z AMDA	amalthea-orb-all	1970-01-01T00:00:05Z	2036-01-14T23:20:04Z
2025-03-12T18:25:58.762Z AMDA	callisto-orb-all	1970-01-01T00:00:05Z	2036-12-31T23:40:04Z
2025-03-12T18:25:58.762Z AMDA	europa-orb-all	1970-01-01T00:00:05Z	2036-12-31T23:40:04Z
2025-03-12T18:25:58.763Z AMDA	ganymede-orb-all	1970-01-01T00:00:05Z	2036-12-31T23:40:04Z
2025-03-12T18:25:58.763Z AMDA	io-orb-all	1970-01-01T00:00:05Z	2036-12-31T23:40:04Z
2025-03-12T18:25:58.763Z AMDA	jupiter-orb-all	1970-01-01T00:00:05Z	2035-12-31T23:00:04Z
2025-03-12T18:25:58.764Z AMDA	mars-orb-all	1970-01-01T00:00:05Z	2035-01-19T22:00:04Z
2025-03-12T18:25:58.764Z AMDA	mars-deimos-orb	1970-01-01T00:00:00Z	2039-12-31T23:58:00Z
2025-03-12T18:25:58.765Z AMDA	mars-phobos-orb	1970-01-01T00:00:00Z	2039-12-31T23:58:00Z
2025-03-12T18:25:58.765Z AMDA	mars-phobos-orb1s	1970-01-01T00:00:00Z	2039-12-31T23:59:59Z
2025-03-12T18:25:58.765Z AMDA	mercury-orb-all	1970-01-01T00:00:05Z	2035-01-19T22:00:04Z
2025-03-12T18:25:58.766Z AMDA	moon-earth-all	1970-01-01T00:00:05Z	2035-01-19T22:00:04Z
2025-03-12T18:25:58.766Z AMDA	neptune-orb-all	1970-01-01T00:00:05Z	2035-01-19T22:00:04Z
2025-03-12T18:25:58.767Z AMDA	pluto-orb-all	1970-01-01T00:00:05Z	2035-01-19T22:00:04Z
2025-03-12T18:25:58.767Z AMDA	saturn-orb-all	1970-01-01T00:00:05Z	2035-01-19T22:00:04Z
2025-03-12T18:25:58.767Z AMDA	dione-orb-all	1970-01-01T00:00:00Z	2035-01-19T23:19:31Z
2025-03-12T18:25:58.768Z AMDA	enceladus-orb-all	1970-01-01T00:00:00Z	2035-01-19T23:19:31Z
2025-03-12T18:25:58.768Z AMDA	iapetus-orb-all	1970-01-01T00:00:00Z	2035-01-19T23:19:31Z
2025-03-12T18:25:58.769Z AMDA	mimas-orb-all	1970-01-01T00:00:00Z	2035-01-19T23:19:31Z
2025-03-12T18:25:58.769Z AMDA	rhea-orb-all	1970-01-01T00:00:00Z	2035-01-19T23:19:31Z
2025-03-12T18:25:58.769Z AMDA	tethys-orb-all	1970-01-01T00:00:00Z	2035-01-19T23:19:31Z
2025-03-12T18:25:58.770Z AMDA	titan-orb-all	1970-01-01T00:00:00Z	2035-01-19T23:19:31Z
2025-03-12T18:25:58.770Z AMDA	uranus-orb-all	1970-01-01T00:00:05Z	2035-01-19T22:00:04Z
2025-03-12T18:25:58.771Z AMDA	venus-orb-all	1970-01-01T00:00:05Z	2035-01-19T22:00:04Z
2025-03-12T18:25:58.771Z AMDA	p67-orb-all	2010-07-01T00:00:05Z	2016-12-31T23:00:04Z
2025-03-12T18:25:58.772Z AMDA	fja-sc-charg	1992-11-03T09:33:39Z	1994-04-10T01:39:40Z
2025-03-12T18:25:58.772Z AMDA	fja-mfe-1hz	1992-10-24T22:22:10Z	1995-02-15T18:33:00Z
2025-03-12T18:25:58.772Z AMDA	gll-epd-ert	1996-05-27T00:14:24Z	2003-09-21T18:15:57Z
2025-03-12T18:25:58.773Z AMDA	gll-epd-rt	1996-05-27T00:14:24Z	2003-09-21T18:15:57Z
2025-03-12T18:25:58.773Z AMDA	gll-epd-amalele	2002-11-05T02:44:40Z	2002-11-05T06:35:08Z
2025-03-12T18:25:58.774Z AMDA	gll-epd-callele	1996-11-04T13:14:51Z	2001-05-25T11:44:00Z
2025-03-12T18:25:58.774Z AMDA	gll-epd-euroele	1996-12-19T06:33:25Z	2000-01-03T18:29:12Z
2025-03-12T18:25:58.774Z AMDA	gll-epd-ganyele	1996-09-06T18:32:47Z	2000-12-28T08:54:17Z
2025-03-12T18:25:58.775Z AMDA	gll-epd-ioele	1995-12-07T15:20:57Z	2001-08-06T05:28:59Z
2025-03-12T18:25:58.775Z AMDA	gll-epd-survele	1996-09-11T02:38:23Z	2001-10-16T01:53:04Z
2025-03-12T18:25:58.776Z AMDA	gll-epd-amalion	2002-11-05T02:44:40Z	2002-11-05T06:35:08Z
2025-03-12T18:25:58.776Z AMDA	gll-epd-callion	1996-11-04T13:14:51Z	2001-05-25T11:44:00Z
2025-03-12T18:25:58.777Z AMDA	gll-epd-euroion	1996-12-19T06:33:25Z	2000-01-03T18:29:12Z
2025-03-12T18:25:58.777Z AMDA	gll-epd-ganyion	1996-09-06T18:32:47Z	2000-12-28T08:54:17Z
2025-03-12T18:25:58.777Z AMDA	gll-epd-ioion	1995-12-07T15:20:57Z	2001-08-06T05:28:59Z
2025-03-12T18:25:58.778Z AMDA	gll-epd-survion	1996-09-11T02:38:23Z	2001-10-16T01:53:04Z
2025-03-12T18:25:58.778Z AMDA	gll-mag-burst	1996-06-30T02:00:53Z	2002-11-05T05:45:42Z
2025-03-12T18:25:58.779Z AMDA	gll-mag-ca	1996-11-04T13:15:10Z	2001-05-25T11:45:04Z
2025-03-12T18:25:58.779Z AMDA	gll-mag-eu	1996-12-19T06:33:27Z	2000-01-03T18:30:14Z
2025-03-12T18:25:58.779Z AMDA	gll-mag-ga	1996-06-27T06:07:08Z	2000-12-28T08:55:20Z
2025-03-12T18:25:58.780Z AMDA	gll-mag-io	1995-12-07T15:21:01Z	2001-10-16T02:21:47Z
2025-03-12T18:25:58.780Z AMDA	gll-mag-msreal	1996-03-29T16:38:42Z	2003-09-21T17:33:26Z
2025-03-12T18:25:58.781Z AMDA	gll-jrm09-model	1995-07-14T00:00:00Z	2003-09-21T23:50:00Z
2025-03-12T18:25:58.781Z AMDA	gll-jrm33-model	1995-07-14T00:00:00Z	2003-09-21T23:50:00Z
2025-03-12T18:25:58.781Z AMDA	gll-mod-khurana	1996-05-29T00:00:00Z	2003-09-30T11:55:00Z
2025-03-12T18:25:58.782Z AMDA	gll-mod-mshell	1995-12-05T13:35:00Z	2003-09-21T23:50:00Z
2025-03-12T18:25:58.782Z AMDA	gll-mod-onera	1996-05-27T00:25:50Z	2003-09-21T18:15:57Z
2025-03-12T18:25:58.783Z AMDA	cal-eph-pol	1995-01-01T00:00:00Z	2003-09-30T11:55:00Z
2025-03-12T18:25:58.783Z AMDA	eur-eph-pol	1995-01-01T00:00:00Z	2003-09-30T11:55:00Z
2025-03-12T18:25:58.783Z AMDA	gan-eph-pol	1995-01-01T00:00:00Z	2003-09-30T11:55:00Z
2025-03-12T18:25:58.784Z AMDA	io-eph-pol	1995-01-01T00:00:00Z	2003-09-30T11:55:00Z
2025-03-12T18:25:58.784Z AMDA	gll-pls-fit	1995-12-07T15:21:55Z	2002-11-05T04:05:56Z
2025-03-12T18:25:58.785Z AMDA	gll-pls-mom	1996-06-25T17:00:33Z	2002-01-19T14:26:29Z
2025-03-12T18:25:58.785Z AMDA	gll-pls-burstion	1997-06-28T13:51:17Z	1999-09-14T21:28:07Z
2025-03-12T18:25:58.786Z AMDA	gll-pls-caion	1996-11-04T13:14:51Z	2001-05-25T11:46:06Z
2025-03-12T18:25:58.786Z AMDA	gll-pls-euion	1996-12-19T06:28:47Z	2000-01-03T18:21:51Z
2025-03-12T18:25:58.786Z AMDA	gll-pls-gaion	1996-06-27T06:07:08Z	2000-12-28T08:54:59Z
2025-03-12T18:25:58.787Z AMDA	gll-pls-ioion	1999-10-11T03:42:35Z	2001-10-16T01:49:50Z
2025-03-12T18:25:58.787Z AMDA	gll-pls-real	1995-12-07T15:21:07Z	2003-09-21T18:13:44Z
2025-03-12T18:25:58.788Z AMDA	gll-pws-sumelec	1995-12-07T15:21:00Z	2003-09-21T18:34:00Z
2025-03-12T18:25:58.788Z AMDA	gll-pws-summag	1995-12-07T15:21:00Z	2003-03-13T02:23:00Z
2025-03-12T18:25:58.788Z AMDA	gll-pwshr-elec	1996-05-23T20:02:30Z	2003-09-21T18:34:30Z
2025-03-12T18:25:58.789Z AMDA	gll-pwshr-mag	1996-05-23T20:02:48Z	2002-11-05T05:13:17Z
2025-03-12T18:25:58.789Z AMDA	gll-eph-pol	1995-01-01T00:00:00Z	2003-09-30T11:55:00Z
2025-03-12T18:25:58.790Z AMDA	gll-orb-burst	1996-06-30T02:00:53Z	2002-11-05T05:45:42Z
2025-03-12T18:25:58.790Z AMDA	gll-orb-ca	1996-11-04T13:15:10Z	2001-05-25T11:45:04Z
2025-03-12T18:25:58.790Z AMDA	gll-orb-eu	1996-12-19T06:33:27Z	2000-01-03T18:30:14Z
2025-03-12T18:25:58.791Z AMDA	gll-orb-ga	1996-06-27T06:07:08Z	2000-12-28T08:55:20Z
2025-03-12T18:25:58.791Z AMDA	gll-orb-io	1995-12-07T15:21:01Z	2001-10-16T02:21:47Z
2025-03-12T18:25:58.792Z AMDA	gll-orbit-jup	1995-07-14T00:00:00Z	2003-09-21T23:50:00Z
2025-03-12T18:25:58.792Z AMDA	gtl-cpi-swa	1992-09-28T00:00:34Z	2020-08-29T23:57:13Z
2025-03-12T18:25:58.792Z AMDA	gtl-efd-edb	1992-09-18T00:00:08Z	2006-09-30T23:59:20Z
2025-03-12T18:25:58.793Z AMDA	gtl-epic-ed	1992-10-18T00:01:17Z	2010-12-31T23:57:50Z
2025-03-12T18:25:58.793Z AMDA	gtl-epic-hr0	1992-10-18T00:01:17Z	2011-12-31T23:57:01Z
2025-03-12T18:25:58.794Z AMDA	gtl-epic-e	1992-10-18T00:01:17Z	2011-12-31T23:55:28Z
2025-03-12T18:25:58.794Z AMDA	gtl-epic-he	1992-10-18T00:01:17Z	2011-12-31T23:55:28Z
2025-03-12T18:25:58.795Z AMDA	gtl-epic-m	1992-10-18T00:01:17Z	2011-12-31T23:55:28Z
2025-03-12T18:25:58.795Z AMDA	gtl-epic-p	1992-10-18T00:01:17Z	2011-12-31T23:55:28Z
2025-03-12T18:25:58.795Z AMDA	gtl-epic-ehigh	1992-10-18T00:01:17Z	2011-12-31T23:56:58Z
2025-03-12T18:25:58.796Z AMDA	gtl-epic-hehigh	1992-10-18T00:01:17Z	2011-12-31T23:56:58Z
2025-03-12T18:25:58.796Z AMDA	gtl-epic-mhigh	1992-10-18T00:01:17Z	2011-12-31T23:56:58Z
2025-03-12T18:25:58.797Z AMDA	gtl-epic-phigh	1992-10-18T00:01:17Z	2011-12-31T23:56:58Z
2025-03-12T18:25:58.797Z AMDA	gtl-orb-all	1992-07-27T16:00:00Z	2022-11-28T00:00:00Z
2025-03-12T18:25:58.797Z AMDA	gtl-lep-edb	1993-10-05T00:00:34Z	2019-12-31T23:33:34Z
2025-03-12T18:25:58.798Z AMDA	gtl-lep-k0	1993-10-05T00:00:32Z	2022-06-27T12:24:00Z
2025-03-12T18:25:58.798Z AMDA	gtl-mgf-edb	1992-09-18T00:00:08Z	2006-11-22T23:59:28Z
2025-03-12T18:25:58.799Z AMDA	gtl-mgf-k0	1992-09-04T19:14:06Z	2022-06-27T12:23:54Z
2025-03-12T18:25:58.799Z AMDA	gtl-msph-models	1992-07-27T16:00:00Z	2022-11-28T00:00:00Z
2025-03-12T18:25:58.799Z AMDA	gtl-t96-model	1992-07-27T16:00:00Z	2022-11-28T00:00:00Z
2025-03-12T18:25:58.800Z AMDA	gio-orb-comet	1986-03-05T00:00:00Z	1986-03-15T23:59:00Z
2025-03-12T18:25:58.800Z AMDA	gio-ims-a	1986-03-13T18:30:56Z	1986-03-13T23:59:42Z
2025-03-12T18:25:58.801Z AMDA	gio-ims-his	1986-03-13T23:23:06Z	1986-03-14T00:02:44Z
2025-03-12T18:25:58.801Z AMDA	gio-ims-p	1986-03-13T18:30:06Z	1986-03-14T00:00:58Z
2025-03-12T18:25:58.801Z AMDA	gio-jpa-psa	1986-03-12T06:09:34Z	1986-03-15T02:30:28Z
2025-03-12T18:25:58.802Z AMDA	gio-mag-psa	1986-03-12T00:00:06Z	1986-03-14T02:59:58Z
2025-03-12T18:25:58.802Z AMDA	gio-rpa1-corr	1986-03-13T00:00:06Z	1986-03-13T23:59:58Z
2025-03-12T18:25:58.803Z AMDA	hs-ephem-n0	2026-09-07T11:40:00Z	2027-08-29T11:39:59Z
2025-03-12T18:25:58.803Z AMDA	hs-ephem-n1	2026-09-07T11:40:00Z	2027-08-29T11:39:59Z
2025-03-12T18:25:58.803Z AMDA	hs-ephem-n2	2026-09-07T11:40:00Z	2027-08-29T11:39:59Z
2025-03-12T18:25:58.804Z AMDA	hs-ephem-n3	2026-09-07T11:40:00Z	2027-08-29T11:39:59Z
2025-03-12T18:25:58.804Z AMDA	hs-ephem-n4	2026-09-07T11:40:00Z	2027-08-29T11:39:59Z
2025-03-12T18:25:58.805Z AMDA	hs-ephem-n5	2026-09-07T11:40:00Z	2027-08-29T11:39:59Z
2025-03-12T18:25:58.805Z AMDA	hs-ephem-n6	2026-09-07T11:40:00Z	2027-08-29T11:39:59Z
2025-03-12T18:25:58.805Z AMDA	hs-ephem-n7	2026-09-07T11:40:00Z	2027-08-29T11:39:59Z
2025-03-12T18:25:58.806Z AMDA	hs-ephem-n8	2026-09-07T11:40:00Z	2027-08-29T11:39:59Z
2025-03-12T18:25:58.806Z AMDA	helios1-aux-corefit	1974-12-12T01:38:10Z	1984-08-15T23:33:14Z
2025-03-12T18:25:58.807Z AMDA	helios1-e1-all	1974-12-12T01:38:10Z	1984-08-15T23:33:14Z
2025-03-12T18:25:58.807Z AMDA	helios1-e3-all	1974-12-15T00:01:00Z	1981-06-16T04:59:06Z
2025-03-12T18:25:58.807Z AMDA	helios1-mag-corefit	1974-12-12T01:38:10Z	1984-08-15T23:33:14Z
2025-03-12T18:25:58.808Z AMDA	helios1-orb-all	1974-12-11T00:00:00Z	1986-03-15T22:59:58Z
2025-03-12T18:25:58.808Z AMDA	helios2-aux-corefit	1976-01-17T01:42:11Z	1980-03-08T17:46:32Z
2025-03-12T18:25:58.809Z AMDA	helios2-e1-all	1976-01-17T01:42:11Z	1980-03-08T17:46:32Z
2025-03-12T18:25:58.809Z AMDA	helios2-e3-all	1976-01-17T07:34:06Z	1980-03-08T17:50:00Z
2025-03-12T18:25:58.810Z AMDA	helios2-mag-corefit	1976-01-17T01:42:11Z	1980-03-08T17:46:32Z
2025-03-12T18:25:58.810Z AMDA	helios2-orb-all	1976-01-16T00:00:00Z	1980-03-08T22:59:58Z
2025-03-12T18:25:58.810Z AMDA	ice-mag-p21	1985-09-10T00:00:00Z	1985-09-14T20:51:15Z
2025-03-12T18:25:58.811Z AMDA	imp-orb-all	1973-10-30T00:00:00Z	2004-06-30T23:48:00Z
2025-03-12T18:25:58.811Z AMDA	imp-mag-k0	1973-10-29T23:59:53Z	2000-06-10T23:59:38Z
2025-03-12T18:25:58.812Z AMDA	imp-mit-k0	1973-10-31T20:10:27Z	2006-07-26T17:10:35Z
2025-03-12T18:25:58.812Z AMDA	isee1-orb-all	1977-10-22T14:49:00Z	1987-09-26T05:59:00Z
2025-03-12T18:25:58.812Z AMDA	isee1-fva-all	1977-10-27T01:00:08Z	1987-08-12T07:54:24Z
2025-03-12T18:25:58.813Z AMDA	isee1-mag-all	1977-10-22T14:49:00Z	1987-09-26T05:59:00Z
2025-03-12T18:25:58.813Z AMDA	isee2-orb-all	1977-10-22T14:49:00Z	1987-09-26T05:59:00Z
2025-03-12T18:25:58.814Z AMDA	isee2-fva-all	1976-12-31T07:24:56Z	1986-10-21T16:06:03Z
2025-03-12T18:25:58.814Z AMDA	isee2-mag-all	1977-10-22T14:49:00Z	1987-09-26T05:59:00Z
2025-03-12T18:25:58.814Z AMDA	ground-based-aa	1975-01-01T00:00:00Z	2024-04-15T21:00:00Z
2025-03-12T18:25:58.815Z AMDA	ground-based-aei	1975-01-01T00:00:00Z	2019-12-31T23:59:00Z
2025-03-12T18:25:58.815Z AMDA	ground-based-am	1975-01-01T00:00:00Z	2024-04-15T21:00:00Z
2025-03-12T18:25:58.816Z AMDA	ground-based-asy	1981-01-01T00:00:00Z	2023-12-31T23:59:00Z
2025-03-12T18:25:58.816Z AMDA	ground-based-dst	1970-01-01T00:00:00Z	2024-04-15T23:00:00Z
2025-03-12T18:25:58.816Z AMDA	ground-based-sme	1975-01-01T00:00:00Z	2023-12-31T23:59:00Z
2025-03-12T18:25:58.817Z AMDA	indices-pc-all	1975-01-01T00:00:00Z	2023-12-25T23:59:00Z
2025-03-12T18:25:58.817Z AMDA	intt-crl-kp	1995-09-03T00:00:27Z	2000-10-14T23:59:29Z
2025-03-12T18:25:58.818Z AMDA	intt-orb-all	1995-08-04T00:01:00Z	2000-10-16T13:55:00Z
2025-03-12T18:25:58.818Z AMDA	iball-mif-hr	1995-08-06T05:34:16Z	2000-10-15T22:12:55Z
2025-03-12T18:25:58.818Z AMDA	intt-fm-kp	1995-08-06T05:35:00Z	2000-10-16T01:17:00Z
2025-03-12T18:25:58.819Z AMDA	it-msph-models	2000-08-22T00:00:00Z	2023-12-04T22:21:00Z
2025-03-12T18:25:58.819Z AMDA	it-t96-model	2000-08-22T00:00:00Z	2023-12-04T22:21:00Z
2025-03-12T18:25:58.820Z AMDA	jason-amb-ele	2016-02-13T00:09:50Z	2023-06-18T23:16:16Z
2025-03-12T18:25:58.820Z AMDA	jason-amb-ion	2016-02-13T00:09:50Z	2023-06-18T23:16:16Z
2025-03-12T18:25:58.820Z AMDA	jason-amb-mag	2016-02-13T00:09:50Z	2023-06-18T23:16:16Z
2025-03-12T18:25:58.821Z AMDA	jason-amb-pos	2016-02-13T00:09:50Z	2023-06-18T23:16:16Z
2025-03-12T18:25:58.821Z AMDA	juice-callisto-cr30	2030-09-20T12:00:00Z	2032-02-01T00:00:00Z
2025-03-12T18:25:58.822Z AMDA	juice-cruise-cr30	2022-05-31T23:59:59Z	2033-06-04T00:00:00Z
2025-03-12T18:25:58.822Z AMDA	juice-europa-cr30	2030-09-27T07:00:00Z	2030-10-20T18:00:00Z
2025-03-12T18:25:58.822Z AMDA	juice-ganymede-cr30	2030-05-01T07:00:00Z	2033-06-04T00:00:00Z
2025-03-12T18:25:58.823Z AMDA	juice-jup-cr30	2029-01-01T07:00:00Z	2033-06-04T00:00:00Z
2025-03-12T18:25:58.823Z AMDA	juice-callisto-cr32	2030-10-10T01:00:00Z	2031-11-28T00:00:00Z
2025-03-12T18:25:58.824Z AMDA	juice-cruise-cr32	2022-06-01T00:00:00Z	2033-06-26T00:00:48Z
2025-03-12T18:25:58.824Z AMDA	juice-europa-cr32	2030-09-09T07:00:00Z	2030-10-02T18:00:00Z
2025-03-12T18:25:58.825Z AMDA	juice-ganymede-cr32	2030-09-09T07:00:00Z	2033-06-24T00:00:00Z
2025-03-12T18:25:58.825Z AMDA	juice-jup-cr32	2028-01-01T07:00:00Z	2033-06-24T00:00:00Z
2025-03-12T18:25:58.825Z AMDA	juice-callisto-cr41	2033-07-27T01:00:00Z	2035-05-06T00:00:00Z
2025-03-12T18:25:58.826Z AMDA	juice-cruise-cr41	2023-08-09T00:00:00Z	2033-07-02T00:00:48Z
2025-03-12T18:25:58.826Z AMDA	juice-europa-cr41	2034-07-14T07:00:00Z	2034-08-11T00:00:00Z
2025-03-12T18:25:58.827Z AMDA	juice-ganymede-cr41	2032-10-01T07:00:00Z	2036-08-20T00:00:00Z
2025-03-12T18:25:58.827Z AMDA	juice-jup-cr41	2030-06-01T07:00:00Z	2036-08-20T00:00:00Z
2025-03-12T18:25:58.827Z AMDA	juice-cruise-cr51	2023-04-14T12:43:00Z	2031-01-19T22:43:00Z
2025-03-12T18:25:58.828Z AMDA	juice-jup-cr51	2031-01-20T00:00:00Z	2035-10-05T01:50:00Z
2025-03-12T18:25:58.828Z AMDA	juice30-jrm09-model	2029-01-01T07:00:00Z	2033-06-04T00:00:00Z
2025-03-12T18:25:58.829Z AMDA	juice32-jrm09-model	2028-01-01T07:00:00Z	2033-06-24T00:00:00Z
2025-03-12T18:25:58.829Z AMDA	juice41-jrm09-model	2030-06-01T07:00:00Z	2036-08-20T00:00:00Z
2025-03-12T18:25:58.829Z AMDA	juice51-jrm09-model	2031-01-20T00:00:00Z	2035-10-05T01:50:00Z
2025-03-12T18:25:58.830Z AMDA	juice30-jrm33-model	2029-01-01T07:00:00Z	2033-06-04T00:00:00Z
2025-03-12T18:25:58.830Z AMDA	juice32-jrm33-model	2028-01-01T07:00:00Z	2033-06-24T00:00:00Z
2025-03-12T18:25:58.831Z AMDA	juice41-jrm33-model	2030-06-01T07:00:00Z	2036-08-20T00:00:00Z
2025-03-12T18:25:58.831Z AMDA	juice51-jrm33-model	2031-01-20T00:00:00Z	2035-10-05T01:50:00Z
2025-03-12T18:25:58.831Z AMDA	juice51-jrm33-mshell	2031-07-19T03:10:00Z	2034-12-31T23:55:00Z
2025-03-12T18:25:58.832Z AMDA	juno-cruise-all	2011-09-01T00:00:00Z	2016-11-02T22:00:00Z
2025-03-12T18:25:58.832Z AMDA	juno-ephem-orb1	2016-07-07T00:00:00Z	2023-08-01T23:59:59Z
2025-03-12T18:25:58.833Z AMDA	juno-jupiter-all	2016-06-01T00:00:00Z	2025-10-19T23:55:00Z
2025-03-12T18:25:58.833Z AMDA	juno-jupiter-all1s	2016-07-06T00:00:00Z	2025-10-20T00:00:00Z
2025-03-12T18:25:58.833Z AMDA	juno-fgm-cruise60	2011-08-25T15:19:56Z	2016-06-29T23:54:31Z
2025-03-12T18:25:58.834Z AMDA	juno-fgm-orb1	2016-07-07T00:00:00Z	2023-08-01T23:59:59Z
2025-03-12T18:25:58.834Z AMDA	juno-fgm-orb60	2016-07-07T00:00:30Z	2023-08-01T23:58:33Z
2025-03-12T18:25:58.835Z AMDA	juno-fgm-orbfull	2016-07-07T00:00:00Z	2023-08-02T00:00:00Z
2025-03-12T18:25:58.835Z AMDA	juno-jade-e060	2015-03-31T00:02:56Z	2023-04-09T23:59:56Z
2025-03-12T18:25:58.835Z AMDA	juno-jade-e180	2015-03-31T00:02:56Z	2023-04-08T10:00:05Z
2025-03-12T18:25:58.836Z AMDA	juno-jade-e300	2015-03-31T00:02:56Z	2023-04-08T10:00:05Z
2025-03-12T18:25:58.836Z AMDA	juno-jade-ions	2015-03-31T00:02:56Z	2023-04-09T23:59:56Z
2025-03-12T18:25:58.837Z AMDA	juno-jadel5-e060	2015-03-31T00:02:56Z	2021-09-03T00:30:04Z
2025-03-12T18:25:58.837Z AMDA	juno-jadel5-e180	2015-03-31T00:02:56Z	2021-09-03T23:59:38Z
2025-03-12T18:25:58.837Z AMDA	juno-jadel5-e300	2015-03-31T00:02:56Z	2021-09-03T00:30:04Z
2025-03-12T18:25:58.838Z AMDA	juno-jadel5-elecmom	2016-06-25T21:33:40Z	2021-09-03T23:39:38Z
2025-03-12T18:25:58.838Z AMDA	juno-jadel5-heavmom	2017-03-23T14:32:32Z	2020-04-10T05:29:55Z
2025-03-12T18:25:58.839Z AMDA	juno-jadel5-ions	2015-03-31T00:02:56Z	2021-09-03T23:59:32Z
2025-03-12T18:25:58.839Z AMDA	juno-jadel5-protmom	2016-06-24T08:17:26Z	2020-04-10T05:29:55Z
2025-03-12T18:25:58.839Z AMDA	juno-jedi-e090	2016-08-27T07:53:28Z	2017-02-04T12:58:18Z
2025-03-12T18:25:58.840Z AMDA	juno-jedi-e180	2016-07-06T22:04:14Z	2023-07-31T23:59:57Z
2025-03-12T18:25:58.840Z AMDA	juno-jedi-e270	2016-08-27T07:52:57Z	2023-07-31T16:11:39Z
2025-03-12T18:25:58.841Z AMDA	juno-jedi-i090	2016-08-26T12:07:59Z	2023-07-31T23:59:56Z
2025-03-12T18:25:58.841Z AMDA	juno-jedi-i180	2016-07-06T22:04:14Z	2023-07-31T23:59:57Z
2025-03-12T18:25:58.841Z AMDA	juno-jedi-i270	2016-08-26T12:07:29Z	2023-07-31T09:20:52Z
2025-03-12T18:25:58.842Z AMDA	jun-jrm09-model	2016-06-01T00:00:00Z	2025-10-19T23:55:00Z
2025-03-12T18:25:58.842Z AMDA	jun-jrm33-model	2016-06-01T00:00:00Z	2025-10-19T23:55:00Z
2025-03-12T18:25:58.843Z AMDA	jun-jrm33-mshell	2016-08-27T00:00:00Z	2023-11-22T00:00:00Z
2025-03-12T18:25:58.843Z AMDA	juno-wav-crub	2011-08-09T16:31:18Z	2016-06-29T23:54:59Z
2025-03-12T18:25:58.843Z AMDA	juno-wav-crue	2011-08-09T16:31:18Z	2016-06-29T23:54:59Z
2025-03-12T18:25:58.844Z AMDA	juno-wav-l3f	2016-04-09T00:00:00Z	2022-12-12T23:59:59Z
2025-03-12T18:25:58.844Z AMDA	juno-wav-orbb	2016-07-06T20:56:08Z	2023-08-19T10:31:08Z
2025-03-12T18:25:58.845Z AMDA	juno-wav-orbe	2016-07-06T20:56:08Z	2023-08-19T10:31:08Z
2025-03-12T18:25:58.845Z AMDA	mvn-euv-clb	2014-10-18T00:00:16Z	2023-11-14T23:59:58Z
2025-03-12T18:25:58.845Z AMDA	mvn-euv-mod	2014-10-19T00:00:00Z	2023-11-14T23:58:58Z
2025-03-12T18:25:58.846Z AMDA	maven-orb-cruise	2013-11-18T19:21:49Z	2014-09-21T22:21:49Z
2025-03-12T18:25:58.846Z AMDA	maven-orb-marsobs	2014-09-22T00:00:00Z	2023-06-20T03:04:00Z
2025-03-12T18:25:58.847Z AMDA	maven-orb-marsobs1s	2014-09-22T00:00:00Z	2023-06-20T03:05:49Z
2025-03-12T18:25:58.847Z AMDA	mav-lpw-kp	2014-10-11T00:00:08Z	2023-05-15T23:59:56Z
2025-03-12T18:25:58.848Z AMDA	mvn-lpw-scpot	2014-10-08T00:00:01Z	2020-11-10T00:00:00Z
2025-03-12T18:25:58.848Z AMDA	mvn-lpw-wn	2014-10-06T19:40:30Z	2023-11-01T03:23:47Z
2025-03-12T18:25:58.848Z AMDA	mav-mag-all	2014-10-10T00:00:00Z	2023-11-01T00:00:00Z
2025-03-12T18:25:58.849Z AMDA	mav-mag-kp	2014-10-10T00:00:08Z	2023-05-15T23:59:56Z
2025-03-12T18:25:58.849Z AMDA	mav-mag-pds	2014-10-10T00:00:00Z	2022-11-15T00:00:01Z
2025-03-12T18:25:58.850Z AMDA	mav-morsch-model	2014-09-22T00:00:00Z	2023-06-20T03:04:00Z
2025-03-12T18:25:58.850Z AMDA	mav-ngims-kp	2014-10-18T00:00:08Z	2023-05-15T23:59:56Z
2025-03-12T18:25:58.850Z AMDA	mav-sep1-anc	2014-09-21T23:59:59Z	2023-11-14T23:59:28Z
2025-03-12T18:25:58.851Z AMDA	mvn-sep1-clb	2014-09-22T19:34:31Z	2023-11-14T23:59:55Z
2025-03-12T18:25:58.851Z AMDA	mav-sep2-anc	2014-09-21T23:59:59Z	2023-11-14T23:59:28Z
2025-03-12T18:25:58.852Z AMDA	mvn-sep2-clb	2014-09-22T19:34:31Z	2023-11-14T23:59:55Z
2025-03-12T18:25:58.852Z AMDA	mav-static-kp	2014-03-19T00:00:00Z	2023-05-15T23:59:56Z
2025-03-12T18:25:58.852Z AMDA	mavpds-sta-c0	2014-10-13T00:00:20Z	2023-11-15T00:00:25Z
2025-03-12T18:25:58.853Z AMDA	mavpds-sta-c6	2014-10-13T00:00:04Z	2023-11-15T00:00:01Z
2025-03-12T18:25:58.853Z AMDA	mav-swea-kp	2014-03-19T00:00:00Z	2023-05-15T23:59:56Z
2025-03-12T18:25:58.854Z AMDA	mavpds-swea-svyspec	2014-03-19T14:15:52Z	2023-11-14T23:59:56Z
2025-03-12T18:25:58.854Z AMDA	mav-swia-kp	2014-03-19T00:00:00Z	2023-05-15T23:59:56Z
2025-03-12T18:25:58.854Z AMDA	mavpds-swia-momboard	2014-03-19T14:19:43Z	2023-11-15T00:00:15Z
2025-03-12T18:25:58.855Z AMDA	mavpds-swia-specboard	2014-03-19T14:20:43Z	2023-11-15T00:00:07Z
2025-03-12T18:25:58.855Z AMDA	mess-eps-pa	2011-03-24T00:00:44Z	2015-04-30T15:08:09Z
2025-03-12T18:25:58.856Z AMDA	mess-eps-spec	2011-03-23T00:00:00Z	2015-04-30T23:59:58Z
2025-03-12T18:25:58.856Z AMDA	mes-fips-scan	2008-08-20T16:03:35Z	2015-04-30T15:08:18Z
2025-03-12T18:25:58.856Z AMDA	mess-fips-espec	2011-03-23T23:49:00Z	2015-04-30T14:43:27Z
2025-03-12T18:25:58.857Z AMDA	mess-fips-nobs	2011-03-23T15:20:57Z	2015-04-30T15:08:18Z
2025-03-12T18:25:58.857Z AMDA	mess-fips-ntp	2011-03-26T01:35:34Z	2015-04-30T12:18:44Z
2025-03-12T18:25:58.858Z AMDA	mes-mag-heliosphere01	2004-08-12T17:44:08Z	2014-03-18T00:00:00Z
2025-03-12T18:25:58.858Z AMDA	mes-mag-heliosphere60	2004-08-12T17:44:00Z	2014-03-18T00:00:00Z
2025-03-12T18:25:58.858Z AMDA	mes-mag-orb01	2011-03-23T15:36:41Z	2015-04-30T15:08:14Z
2025-03-12T18:25:58.859Z AMDA	mes-mag-orbit60	2011-03-24T00:00:00Z	2015-04-30T15:08:00Z
2025-03-12T18:25:58.859Z AMDA	mes-mag-orbitHR	2011-03-23T15:36:40Z	2015-04-30T15:08:14Z
2025-03-12T18:25:58.860Z AMDA	mes-mag-flyby1	2008-01-12T00:00:23Z	2008-01-17T00:01:42Z
2025-03-12T18:25:58.860Z AMDA	mes-mag-flyby2	2008-10-04T00:00:04Z	2008-10-09T00:00:33Z
2025-03-12T18:25:58.860Z AMDA	mes-mag-flyby3	2009-09-27T00:00:58Z	2009-10-02T00:01:19Z
2025-03-12T18:25:58.861Z AMDA	mes-mag-venus	2007-06-04T00:01:37Z	2007-06-07T00:01:29Z
2025-03-12T18:25:58.861Z AMDA	mes-kt17-model	2011-03-04T00:00:00Z	2015-04-29T23:59:00Z
2025-03-12T18:25:58.862Z AMDA	mes-kt17-pds	2011-03-24T01:13:54Z	2015-04-30T12:32:43Z
2025-03-12T18:25:58.862Z AMDA	mes-orb-all	2004-08-04T00:00:00Z	2015-04-30T00:00:00Z
2025-03-12T18:25:58.862Z AMDA	mes-orb-earth	2005-07-19T00:00:00Z	2005-08-17T23:59:00Z
2025-03-12T18:25:58.863Z AMDA	mes-orb-flyby1	2007-12-31T00:00:00Z	2008-01-29T23:59:00Z
2025-03-12T18:25:58.863Z AMDA	mes-orb-flyby2	2008-09-22T00:00:00Z	2008-10-21T23:59:00Z
2025-03-12T18:25:58.864Z AMDA	mes-orb-flyby3	2009-09-16T00:00:00Z	2009-10-15T23:59:00Z
2025-03-12T18:25:58.864Z AMDA	mes-orb-orb	2011-03-04T00:00:00Z	2015-04-29T23:59:00Z
2025-03-12T18:25:58.865Z AMDA	mes-orb-venus	2006-10-10T00:00:00Z	2006-11-08T23:59:00Z
2025-03-12T18:25:58.865Z AMDA	mes-orb-venus2	2007-05-23T00:00:00Z	2007-06-21T23:59:00Z
2025-03-12T18:25:58.865Z AMDA	mex-els-all	2003-06-23T18:42:48Z	2021-09-22T21:47:31Z
2025-03-12T18:25:58.866Z AMDA	mex-ima-bg	2003-06-23T18:42:59Z	2021-12-31T23:57:43Z
2025-03-12T18:25:58.866Z AMDA	mex-ima-extra	2004-01-05T06:16:06Z	2021-09-22T20:03:40Z
2025-03-12T18:25:58.867Z AMDA	mex-ima-param	2004-01-23T04:20:49Z	2021-09-22T20:06:50Z
2025-03-12T18:25:58.867Z AMDA	mex-ima-sw	2006-01-01T23:35:17Z	2021-09-22T20:03:39Z
2025-03-12T18:25:58.867Z AMDA	mex-marsis-ele	2005-06-19T04:03:28Z	2007-09-30T23:41:11Z
2025-03-12T18:25:58.868Z AMDA	mex-morsch-model	2003-12-22T18:09:05Z	2023-07-24T22:36:45Z
2025-03-12T18:25:58.868Z AMDA	mex-orb-mars	2003-12-22T18:09:05Z	2023-07-24T22:36:45Z
2025-03-12T18:25:58.869Z AMDA	mgs-er-omni	1997-09-14T01:01:03Z	2006-10-11T00:00:32Z
2025-03-12T18:25:58.869Z AMDA	mgs-orb-all	1997-09-13T00:00:00Z	2006-11-08T00:00:00Z
2025-03-12T18:25:58.869Z AMDA	mgs-mag-mso	1997-09-14T00:42:11Z	2006-11-02T23:23:46Z
2025-03-12T18:25:58.870Z AMDA	mgs-morsch-model	1997-09-13T00:00:00Z	2006-11-08T00:00:00Z
2025-03-12T18:25:58.870Z AMDA	mgs-proxy-drap	1999-04-02T15:50:49Z	2006-10-27T14:20:34Z
2025-03-12T18:25:58.871Z AMDA	mgs-proxy-euv	1999-01-01T00:00:00Z	2006-12-31T22:00:00Z
2025-03-12T18:25:58.871Z AMDA	mgs-proxy-subsol	1999-04-02T15:45:28Z	2006-10-27T14:20:34Z
2025-03-12T18:25:58.871Z AMDA	mms1-orb-t89d	2015-03-13T00:00:00Z	2024-03-28T23:59:30Z
2025-03-12T18:25:58.872Z AMDA	mms1-fgm-brst	2015-09-01T12:11:14Z	2023-12-31T15:55:53Z
2025-03-12T18:25:58.872Z AMDA	mms1-fgm-srvy	2015-09-01T00:00:12Z	2024-03-03T00:00:03Z
2025-03-12T18:25:58.873Z AMDA	mms1-hpca-brst	2015-07-15T15:27:02Z	2023-09-19T05:15:40Z
2025-03-12T18:25:58.873Z AMDA	mms1-hpca-moms	2015-06-20T20:55:22Z	2024-02-24T23:59:32Z
2025-03-12T18:25:58.873Z AMDA	mms1-hpca-srvy	2222-08-11T22:22:22Z	2015-12-31T23:59:55Z
2025-03-12T18:25:58.874Z AMDA	mms1-msph-models	2015-03-13T00:00:00Z	2024-03-28T23:59:30Z
2025-03-12T18:25:58.874Z AMDA	mms1-t96-model	2015-03-13T00:00:00Z	2024-03-28T23:59:30Z
2025-03-12T18:25:58.875Z AMDA	mms1234-orb-t89d	2015-03-13T00:00:00Z	2024-03-28T23:59:30Z
2025-03-12T18:25:58.875Z AMDA	mms2-orb-t89d	2015-03-13T00:00:00Z	2024-03-28T23:59:30Z
2025-03-12T18:25:58.875Z AMDA	mms2-fgm-brst	2015-09-01T12:11:14Z	2023-12-31T16:04:52Z
2025-03-12T18:25:58.876Z AMDA	mms2-fgm-srvy	2015-09-01T00:00:03Z	2024-03-03T00:00:03Z
2025-03-12T18:25:58.876Z AMDA	mms2-hpca-brst	2015-07-03T02:16:12Z	2023-09-19T05:15:42Z
2025-03-12T18:25:58.877Z AMDA	mms2-msph-models	2015-03-13T00:00:00Z	2024-03-28T23:59:30Z
2025-03-12T18:25:58.877Z AMDA	mms2-t96-model	2015-03-13T00:00:00Z	2024-03-28T23:59:30Z
2025-03-12T18:25:58.877Z AMDA	mms3-orb-t89d	2015-03-13T00:00:00Z	2024-03-28T23:59:30Z
2025-03-12T18:25:58.878Z AMDA	mms3-fgm-brst	2015-09-01T12:11:14Z	2023-12-31T16:04:52Z
2025-03-12T18:25:58.878Z AMDA	mms3-fgm-srvy	2015-09-01T00:00:06Z	2024-03-03T00:00:07Z
2025-03-12T18:25:58.879Z AMDA	mms3-hpca-brst	2015-07-05T21:43:52Z	2023-09-19T05:15:41Z
2025-03-12T18:25:58.879Z AMDA	mms3-msph-models	2015-03-13T00:00:00Z	2024-03-28T23:59:30Z
2025-03-12T18:25:58.879Z AMDA	mms3-t96-model	2015-03-13T00:00:00Z	2024-03-28T23:59:30Z
2025-03-12T18:25:58.880Z AMDA	mms4-orb-t89d	2015-03-13T00:00:00Z	2024-03-28T23:59:30Z
2025-03-12T18:25:58.880Z AMDA	mms4-fgm-brst	2015-09-01T12:11:14Z	2023-12-31T16:04:52Z
2025-03-12T18:25:58.881Z AMDA	mms4-fgm-srvy	2015-09-01T00:00:04Z	2024-03-03T00:00:02Z
2025-03-12T18:25:58.881Z AMDA	mms4-hpca-brst	2015-07-20T02:06:02Z	2023-09-19T05:15:41Z
2025-03-12T18:25:58.881Z AMDA	mms4-msph-models	2015-03-13T00:00:00Z	2024-03-28T23:59:30Z
2025-03-12T18:25:58.882Z AMDA	mms4-t96-model	2015-03-13T00:00:00Z	2024-03-28T23:59:30Z
2025-03-12T18:25:58.882Z AMDA	m10-m1-orb	1974-03-26T23:55:21Z	1974-03-31T23:51:13Z
2025-03-12T18:25:58.883Z AMDA	m10-m2-orb	1974-09-20T01:36:05Z	1974-09-21T22:44:28Z
2025-03-12T18:25:58.883Z AMDA	m10-m3-orb	1975-03-16T00:00:02Z	1975-03-17T23:50:55Z
2025-03-12T18:25:58.883Z AMDA	m10-mag-m1highres	1974-03-29T20:28:32Z	1974-03-31T15:58:07Z
2025-03-12T18:25:58.884Z AMDA	m10-mag-m1mean6s	1974-03-26T23:55:21Z	1974-03-31T23:51:13Z
2025-03-12T18:25:58.884Z AMDA	m10-mag-m2mean6s	1974-09-20T01:36:05Z	1974-09-21T22:44:28Z
2025-03-12T18:25:58.885Z AMDA	m10-mag-m3highres	1975-03-15T23:51:38Z	1975-03-16T23:51:31Z
2025-03-12T18:25:58.885Z AMDA	m10-mag-m3mean6s	1975-03-15T23:51:49Z	1975-03-16T23:51:27Z
2025-03-12T18:25:58.885Z AMDA	m10-kt17-model	1974-03-26T23:55:21Z	1974-03-31T23:51:13Z
2025-03-12T18:25:58.886Z AMDA	m10-pls-m1count	1974-03-28T00:00:03Z	1974-03-29T23:59:56Z
2025-03-12T18:25:58.886Z AMDA	m10-pls-m1mom	1974-03-28T00:00:03Z	1974-03-29T23:59:56Z
2025-03-12T18:25:58.887Z AMDA	m10-pls-m2count	1974-09-20T01:36:05Z	1974-09-21T22:44:34Z
2025-03-12T18:25:58.887Z AMDA	m10-pls-m2mom	1974-09-20T01:36:05Z	1974-09-21T22:44:28Z
2025-03-12T18:25:58.888Z AMDA	m10-pls-m3count	1975-03-16T00:00:02Z	1975-03-17T23:50:55Z
2025-03-12T18:25:58.888Z AMDA	m10-pls-m3mom	1975-03-16T00:00:02Z	1975-03-17T23:50:55Z
2025-03-12T18:25:58.888Z AMDA	omni-1min-all	1981-01-01T00:00:00Z	2024-03-14T00:33:00Z
2025-03-12T18:25:58.889Z AMDA	omni-1min-v2	1995-01-01T00:00:00Z	2023-06-30T23:59:00Z
2025-03-12T18:25:58.889Z AMDA	omni-5min-all	1981-01-01T00:00:00Z	2024-02-29T23:55:00Z
2025-03-12T18:25:58.890Z AMDA	omni-5min-v2	1995-01-01T00:00:00Z	2023-06-30T23:55:00Z
2025-03-12T18:25:58.890Z AMDA	omni-hour-all	1970-01-01T00:00:00Z	2024-04-01T23:00:00Z
2025-03-12T18:25:58.890Z AMDA	plr-orb-all	1996-02-27T00:00:00Z	2008-02-16T23:59:00Z
2025-03-12T18:25:58.891Z AMDA	plr-hyd-h0	1996-03-20T00:00:06Z	2008-03-31T23:59:52Z
2025-03-12T18:25:58.891Z AMDA	plr-hyd-mom	1996-03-20T14:38:27Z	2008-04-15T21:00:18Z
2025-03-12T18:25:58.892Z AMDA	plr-mfe-k0	1996-03-16T00:00:55Z	2006-05-31T23:59:48Z
2025-03-12T18:25:58.892Z AMDA	plr-msph-models	1996-02-27T00:00:00Z	2008-02-16T23:59:00Z
2025-03-12T18:25:58.892Z AMDA	plr-t96-model	1996-02-27T00:00:00Z	2008-02-16T23:59:00Z
2025-03-12T18:25:58.893Z AMDA	psp-rfs-sqtn	2018-10-15T00:00:26Z	2022-06-11T23:59:26Z
2025-03-12T18:25:58.893Z AMDA	psp-mag-1min	2018-10-02T03:48:30Z	2023-10-15T23:40:30Z
2025-03-12T18:25:58.894Z AMDA	psp-mag-4cyc	2018-10-02T03:48:26Z	2023-10-15T23:40:01Z
2025-03-12T18:25:58.894Z AMDA	psp-mag-vflyby1	2018-10-02T03:48:17Z	2018-10-04T13:29:58Z
2025-03-12T18:25:58.894Z AMDA	psp-mag-vflyby2	2019-12-25T11:13:19Z	2019-12-27T22:08:06Z
2025-03-12T18:25:58.895Z AMDA	psp-mag-vflyby3	2020-07-10T00:00:00Z	2020-07-11T14:39:49Z
2025-03-12T18:25:58.895Z AMDA	psp-mag-vflyby4	2021-02-20T05:55:50Z	2021-02-21T19:15:46Z
2025-03-12T18:25:58.896Z AMDA	psp-fld-qfl	2018-10-02T03:48:30Z	2023-10-15T23:40:30Z
2025-03-12T18:25:58.896Z AMDA	psp-orb-all	2018-08-12T08:16:23Z	2025-08-30T23:00:00Z
2025-03-12T18:25:58.896Z AMDA	psp-orb-venus1	2018-10-01T00:00:00Z	2018-10-04T23:58:00Z
2025-03-12T18:25:58.897Z AMDA	psp-orb-venus2	2019-12-24T00:00:00Z	2019-12-27T23:59:00Z
2025-03-12T18:25:58.897Z AMDA	psp-orb-venus3	2020-07-09T00:00:00Z	2020-07-11T23:58:00Z
2025-03-12T18:25:58.898Z AMDA	psp-orb-venus4	2021-02-19T00:00:00Z	2021-02-21T23:59:00Z
2025-03-12T18:25:58.898Z AMDA	psp-spc-fit	2018-10-30T23:59:59Z	2023-10-31T23:59:21Z
2025-03-12T18:25:58.898Z AMDA	psp-spc-flag	2018-10-30T23:59:59Z	2023-10-31T23:59:21Z
2025-03-12T18:25:58.899Z AMDA	psp-spc-mom	2018-10-30T23:59:59Z	2023-10-31T23:59:21Z
2025-03-12T18:25:58.899Z AMDA	psp-spe-pad	2018-10-02T04:03:47Z	2023-10-15T23:22:17Z
2025-03-12T18:25:58.900Z AMDA	psp-spi-Hfl	2018-10-02T04:03:47Z	2021-07-31T23:59:48Z
2025-03-12T18:25:58.900Z AMDA	psp-spi-Hmom	2018-10-02T04:03:47Z	2021-07-31T23:59:48Z
2025-03-12T18:25:58.900Z AMDA	psp-spi-Hsp	2018-10-02T04:03:47Z	2021-07-31T23:59:48Z
2025-03-12T18:25:58.901Z AMDA	psp-spi-afl	2018-10-02T04:03:47Z	2021-07-31T23:59:48Z
2025-03-12T18:25:58.901Z AMDA	psp-spi-amom	2018-10-02T04:03:47Z	2021-07-31T23:59:48Z
2025-03-12T18:25:58.902Z AMDA	psp-spi-asp	2018-10-02T04:03:47Z	2021-07-31T23:59:48Z
2025-03-12T18:25:58.902Z AMDA	psp-het-1hr	2018-09-28T00:29:56Z	2023-12-14T23:30:06Z
2025-03-12T18:25:58.902Z AMDA	psp-het-1min	2018-09-28T00:00:26Z	2023-12-14T23:59:36Z
2025-03-12T18:25:58.903Z AMDA	psp-let1-1hr	2018-09-28T00:29:56Z	2023-12-14T23:30:06Z
2025-03-12T18:25:58.903Z AMDA	psp-let1-1min	2018-09-28T00:00:26Z	2023-12-14T23:59:36Z
2025-03-12T18:25:58.904Z AMDA	psp-let2-1hr	2018-09-28T00:29:56Z	2023-12-14T23:30:06Z
2025-03-12T18:25:58.904Z AMDA	psp-let2-1min	2018-09-28T00:00:26Z	2023-12-14T23:59:36Z
2025-03-12T18:25:58.904Z AMDA	psp-loic-chc	2018-09-28T00:10:54Z	2019-10-10T11:14:14Z
2025-03-12T18:25:58.905Z AMDA	psp-loic-chd	2018-09-28T00:10:54Z	2019-10-10T11:14:14Z
2025-03-12T18:25:58.905Z AMDA	psp-loic-chp	2018-09-28T00:10:54Z	2019-10-10T11:14:44Z
2025-03-12T18:25:58.906Z AMDA	psp-loic-chr	2018-09-28T00:01:54Z	2019-10-10T11:15:04Z
2025-03-12T18:25:58.906Z AMDA	psp-loic-cht	2018-09-28T00:10:54Z	2019-10-10T11:15:04Z
2025-03-12T18:25:58.906Z AMDA	psp-loic-omc	2018-09-28T00:10:54Z	2019-10-10T11:14:14Z
2025-03-12T18:25:58.907Z AMDA	psp-loic-omd	2018-09-28T00:10:54Z	2019-10-10T11:14:14Z
2025-03-12T18:25:58.907Z AMDA	psp-loic-omp	2018-09-28T00:10:54Z	2019-10-10T11:14:44Z
2025-03-12T18:25:58.908Z AMDA	psp-loic-omr	2018-09-28T00:01:54Z	2019-10-10T11:15:04Z
2025-03-12T18:25:58.908Z AMDA	psp-loic-omt	2018-09-28T00:10:54Z	2019-10-10T11:15:04Z
2025-03-12T18:25:58.908Z AMDA	psp-lope-che	2018-09-28T00:10:54Z	2019-10-10T11:14:44Z
2025-03-12T18:25:58.909Z AMDA	psp-lope-chf	2018-09-28T00:01:54Z	2019-10-10T11:15:04Z
2025-03-12T18:25:58.909Z AMDA	psp-lope-chg	2018-09-28T00:10:54Z	2019-10-10T11:10:14Z
2025-03-12T18:25:58.910Z AMDA	psp-lope-ome	2018-09-28T00:10:54Z	2019-10-10T11:14:44Z
2025-03-12T18:25:58.910Z AMDA	psp-lope-omf	2018-09-28T00:01:54Z	2019-10-10T11:15:04Z
2025-03-12T18:25:58.910Z AMDA	psp-lope-omg	2018-09-28T00:10:54Z	2019-10-10T11:10:14Z
2025-03-12T18:25:58.911Z AMDA	pho-asp-el	1988-07-25T06:21:16Z	1989-06-19T04:17:28Z
2025-03-12T18:25:58.911Z AMDA	pho-asp-ion	1988-07-25T06:21:16Z	1989-06-19T04:17:28Z
2025-03-12T18:25:58.912Z AMDA	pho-mag-data	1989-01-30T14:51:06Z	1989-03-26T12:44:08Z
2025-03-12T18:25:58.912Z AMDA	pho-orb-mso	1989-01-29T13:01:00Z	1989-03-31T20:52:59Z
2025-03-12T18:25:58.912Z AMDA	p10-orb-jup	1973-11-03T23:33:59Z	1973-12-29T23:10:38Z
2025-03-12T18:25:58.913Z AMDA	p10-mag-full	1972-03-03T00:00:00Z	1995-12-31T23:00:00Z
2025-03-12T18:25:58.913Z AMDA	p11-orb-jup	1974-11-25T23:22:01Z	1974-12-14T23:17:40Z
2025-03-12T18:25:58.914Z AMDA	p11-mag-full	1973-04-06T00:00:00Z	1992-08-01T23:00:00Z
2025-03-12T18:25:58.914Z AMDA	pvo-orb-pos	1978-12-05T06:55:10Z	1992-10-07T18:14:07Z
2025-03-12T18:25:58.914Z AMDA	pvo-mag-12s	1978-12-05T07:20:18Z	1988-10-14T14:00:10Z
2025-03-12T18:25:58.915Z AMDA	pvo-mag-12s2	1988-10-15T14:00:39Z	1990-04-17T17:07:58Z
2025-03-12T18:25:58.915Z AMDA	earth-info-mag	1970-01-01T00:00:00Z	2025-01-01T00:00:00Z
2025-03-12T18:25:58.916Z AMDA	ros-aux-all	2014-06-01T00:00:00Z	2016-09-30T23:59:00Z
2025-03-12T18:25:58.916Z AMDA	ros-orb-comet	2014-01-01T00:01:07Z	2016-09-30T23:59:08Z
2025-03-12T18:25:58.916Z AMDA	ros-orb-cruise	2004-03-03T00:00:00Z	2014-08-04T00:00:00Z
2025-03-12T18:25:58.917Z AMDA	ros-orb-earth1	2005-03-03T00:00:00Z	2005-03-06T23:59:00Z
2025-03-12T18:25:58.917Z AMDA	ros-orb-earth2	2007-10-11T00:00:00Z	2007-12-11T23:59:00Z
2025-03-12T18:25:58.918Z AMDA	ros-orb-earth3	2009-10-16T00:00:00Z	2010-01-19T23:59:00Z
2025-03-12T18:25:58.918Z AMDA	ros-orb-mars	2007-01-24T00:00:00Z	2007-04-25T23:59:00Z
2025-03-12T18:25:58.918Z AMDA	sun-pol-cgck	2014-01-01T00:01:07Z	2016-09-30T23:59:08Z
2025-03-12T18:25:58.919Z AMDA	ros-elc-az	2010-11-29T23:18:19Z	2016-09-30T23:58:44Z
2025-03-12T18:25:58.919Z AMDA	ros-elc-azimuth	2014-03-25T00:36:27Z	2016-09-30T23:58:44Z
2025-03-12T18:25:58.920Z AMDA	ros-elc-elev	2014-03-25T00:36:27Z	2016-09-30T23:58:44Z
2025-03-12T18:25:58.920Z AMDA	ros-elc-elv	2010-11-29T23:18:19Z	2016-09-30T23:58:44Z
2025-03-12T18:25:58.920Z AMDA	ros-elc-en	2010-11-29T23:18:19Z	2016-09-30T23:58:44Z
2025-03-12T18:25:58.921Z AMDA	ros-elc-energy	2014-03-25T00:36:27Z	2016-09-30T23:58:44Z
2025-03-12T18:25:58.921Z AMDA	ros-ion-az	2010-11-29T23:18:19Z	2016-09-30T23:58:44Z
2025-03-12T18:25:58.922Z AMDA	ros-ion-azimuth	2014-03-25T00:36:27Z	2016-09-30T23:58:44Z
2025-03-12T18:25:58.922Z AMDA	ros-ion-elev	2014-03-25T00:36:27Z	2016-09-30T23:58:44Z
2025-03-12T18:25:58.922Z AMDA	ros-ion-elv	2010-11-29T23:18:19Z	2016-09-30T23:58:44Z
2025-03-12T18:25:58.923Z AMDA	ros-ion-en	2010-11-29T23:18:19Z	2016-09-30T23:58:44Z
2025-03-12T18:25:58.923Z AMDA	ros-ion-energy	2014-03-25T00:36:27Z	2016-09-30T23:58:44Z
2025-03-12T18:25:58.924Z AMDA	ros-lap-asw	2014-03-24T08:13:00Z	2016-09-28T23:55:32Z
2025-03-12T18:25:58.924Z AMDA	ros-lap-efl	2015-05-20T15:17:20Z	2016-09-30T10:30:20Z
2025-03-12T18:25:58.924Z AMDA	ros-lap-ned	2014-03-24T15:21:18Z	2016-09-30T10:36:32Z
2025-03-12T18:25:58.925Z AMDA	ros-lap-nel	2014-11-06T13:04:34Z	2016-09-30T10:36:40Z
2025-03-12T18:25:58.925Z AMDA	ros-lap-pho	2014-03-24T09:30:00Z	2016-09-29T00:30:00Z
2025-03-12T18:25:58.926Z AMDA	ros-lap-usc	2014-03-24T15:21:18Z	2016-09-30T10:36:32Z
2025-03-12T18:25:58.926Z AMDA	ros-magib-1s	2014-11-22T02:01:57Z	2016-09-30T10:39:24Z
2025-03-12T18:25:58.926Z AMDA	ros-magib-32s	2014-11-22T00:00:38Z	2016-09-29T12:11:28Z
2025-03-12T18:25:58.927Z AMDA	ros-magib-rsmp	2004-03-17T22:59:02Z	2016-09-30T10:38:53Z
2025-03-12T18:25:58.927Z AMDA	ros-magib-rsmp1s	2004-03-17T22:58:33Z	2016-09-30T10:39:23Z
2025-03-12T18:25:58.928Z AMDA	ros-magob-1s	2014-11-22T00:00:15Z	2016-09-29T12:11:35Z
2025-03-12T18:25:58.928Z AMDA	ros-magob-20hz	2014-11-22T02:01:57Z	2016-09-30T10:39:25Z
2025-03-12T18:25:58.928Z AMDA	ros-magob-rsmp	2004-03-17T22:58:38Z	2016-09-30T10:38:02Z
2025-03-12T18:25:58.929Z AMDA	ros-magob-rsmp1s	2004-03-17T22:58:09Z	2016-09-30T10:39:17Z
2025-03-12T18:25:58.929Z AMDA	ros-mip-estim	2014-08-07T12:18:07Z	2016-09-30T10:38:31Z
2025-03-12T18:25:58.930Z AMDA	ros-mip-ldl	2014-05-13T14:39:49Z	2016-09-24T10:57:13Z
2025-03-12T18:25:58.930Z AMDA	ros-mip-ldlphase	2014-05-13T14:39:49Z	2016-09-24T10:57:13Z
2025-03-12T18:25:58.930Z AMDA	ros-mip-pass	2014-05-09T15:21:06Z	2016-09-30T10:39:10Z
2025-03-12T18:25:58.931Z AMDA	ros-mip-pasw	2014-05-13T14:39:55Z	2016-09-24T10:57:09Z
2025-03-12T18:25:58.931Z AMDA	ros-mip-surv	2014-05-09T15:20:52Z	2016-09-30T10:39:11Z
2025-03-12T18:25:58.932Z AMDA	ros-mip-survphase	2014-05-09T15:20:52Z	2016-09-30T10:39:11Z
2025-03-12T18:25:58.932Z AMDA	ros-rsn-den	2014-03-29T16:29:44Z	2016-09-30T10:23:36Z
2025-03-12T18:25:58.932Z AMDA	ros-rsn-bg	2014-11-19T02:46:52Z	2016-09-30T10:37:52Z
2025-03-12T18:25:58.933Z AMDA	ros-rsn-cops	2014-11-19T02:46:52Z	2016-09-30T10:37:52Z
2025-03-12T18:25:58.933Z AMDA	ros-rsn-ng	2015-01-14T04:26:52Z	2016-09-05T06:34:55Z
2025-03-12T18:25:58.934Z AMDA	ros-rsn-rg	2016-02-20T06:13:40Z	2016-08-29T10:49:38Z
2025-03-12T18:25:58.934Z AMDA	ros-rsn-sn	2014-12-15T00:22:51Z	2016-09-30T10:17:55Z
2025-03-12T18:25:58.934Z AMDA	ros-rsn-sr	2014-12-15T00:22:51Z	2016-09-30T10:17:55Z
2025-03-12T18:25:58.935Z AMDA	soho-ephin-10min	1995-12-08T00:00:00Z	2024-02-25T23:50:00Z
2025-03-12T18:25:58.935Z AMDA	soho-ephin-1min	1995-12-08T00:01:00Z	2024-02-25T23:59:00Z
2025-03-12T18:25:58.936Z AMDA	soho-ephin-60min	1995-12-08T00:00:00Z	2024-02-25T23:00:00Z
2025-03-12T18:25:58.936Z AMDA	soho-erne-hed	1996-05-07T17:19:56Z	2024-03-21T23:59:49Z
2025-03-12T18:25:58.936Z AMDA	soho-erne-led	1996-05-07T17:19:56Z	2023-07-19T14:19:14Z
2025-03-12T18:25:58.937Z AMDA	sta-l2-orb	2006-10-26T00:00:00Z	2025-12-31T23:45:00Z
2025-03-12T18:25:58.937Z AMDA	sta-het-1d	2006-12-01T00:00:00Z	2024-02-12T00:00:00Z
2025-03-12T18:25:58.938Z AMDA	sta-het-1h	2006-12-01T00:00:00Z	2024-02-12T07:00:00Z
2025-03-12T18:25:58.938Z AMDA	sta-het-1min	2006-12-01T00:00:00Z	2024-02-12T07:10:00Z
2025-03-12T18:25:58.938Z AMDA	sta-let-10min	2006-11-13T00:00:00Z	2024-02-29T23:50:00Z
2025-03-12T18:25:58.939Z AMDA	sta-let-1day	2006-11-13T00:00:00Z	2024-02-29T00:00:00Z
2025-03-12T18:25:58.939Z AMDA	sta-let-1hour	2006-11-13T00:00:00Z	2024-02-29T23:00:00Z
2025-03-12T18:25:58.939Z AMDA	sta-let-1min	2006-11-14T17:51:35Z	2024-01-31T23:59:10Z
2025-03-12T18:25:58.940Z AMDA	sta-b-1min	2006-11-07T00:00:30Z	2024-01-31T23:59:30Z
2025-03-12T18:25:58.940Z AMDA	sta-mag-mag	2006-11-07T00:00:00Z	2019-04-29T23:59:59Z
2025-03-12T18:25:58.941Z AMDA	sta-l2-pla	2007-01-31T23:59:30Z	2023-12-31T23:59:40Z
2025-03-12T18:25:58.941Z AMDA	sta-sept-1day	2006-11-14T12:00:00Z	2023-11-03T12:00:00Z
2025-03-12T18:25:58.941Z AMDA	sta-sept-1hour	2006-11-14T00:30:00Z	2023-11-04T04:30:00Z
2025-03-12T18:25:58.942Z AMDA	sta-sept-1min	2006-11-14T17:48:05Z	2023-11-04T05:25:43Z
2025-03-12T18:25:58.942Z AMDA	sta-sit-1d	2007-01-01T00:00:45Z	2023-12-12T00:00:11Z
2025-03-12T18:25:58.943Z AMDA	sta-sit-1h	2007-01-01T00:00:45Z	2023-12-12T23:00:11Z
2025-03-12T18:25:58.943Z AMDA	sta-sit-1min	2007-01-01T00:00:45Z	2023-12-12T23:59:11Z
2025-03-12T18:25:58.943Z AMDA	sta-swea-mom	2006-10-12T19:32:08Z	2023-12-31T23:59:55Z
2025-03-12T18:25:58.944Z AMDA	sta-swea-pad	2006-10-31T00:00:38Z	2023-12-31T23:59:54Z
2025-03-12T18:25:58.944Z AMDA	stb-l2-orb	2006-10-26T01:01:05Z	2026-01-01T00:00:00Z
2025-03-12T18:25:58.945Z AMDA	stb-het-1d	2006-12-01T00:00:00Z	2014-09-27T00:00:00Z
2025-03-12T18:25:58.945Z AMDA	stb-het-1h	2006-12-01T00:00:00Z	2014-09-27T16:00:00Z
2025-03-12T18:25:58.946Z AMDA	stb-het-1min	2006-12-01T00:00:00Z	2014-09-27T16:28:00Z
2025-03-12T18:25:58.946Z AMDA	stb-let-10min	2006-11-13T00:00:00Z	2014-09-27T23:50:00Z
2025-03-12T18:25:58.946Z AMDA	stb-let-1day	2006-11-13T00:00:00Z	2014-09-27T00:00:00Z
2025-03-12T18:25:58.947Z AMDA	stb-let-1hour	2006-11-13T00:00:00Z	2014-09-27T23:00:00Z
2025-03-12T18:25:58.947Z AMDA	stb-let-1min	2006-11-13T20:07:26Z	2014-09-27T16:26:26Z
2025-03-12T18:25:58.947Z AMDA	stb-b-1min	2006-11-07T00:00:30Z	2014-09-27T16:30:30Z
2025-03-12T18:25:58.948Z AMDA	stb-mag-mag	2006-11-07T00:00:00Z	2014-09-26T23:59:59Z
2025-03-12T18:25:58.948Z AMDA	stb-l2-pla	2007-03-01T00:00:12Z	2014-10-31T23:59:30Z
2025-03-12T18:25:58.949Z AMDA	stb-sept-1day	2006-11-13T12:00:00Z	2014-09-26T12:00:00Z
2025-03-12T18:25:58.949Z AMDA	stb-sept-1hour	2006-11-13T00:30:00Z	2014-09-27T15:30:00Z
2025-03-12T18:25:58.949Z AMDA	stb-sept-1min	2006-11-13T20:00:56Z	2014-09-27T16:28:56Z
2025-03-12T18:25:58.950Z AMDA	stb-sit-1d	2007-01-27T00:00:51Z	2014-09-27T00:00:25Z
2025-03-12T18:25:58.950Z AMDA	stb-sit-1h	2007-01-27T00:00:51Z	2014-09-27T16:00:26Z
2025-03-12T18:25:58.951Z AMDA	stb-sit-1min	2007-01-27T00:00:51Z	2014-09-27T16:28:26Z
2025-03-12T18:25:58.951Z AMDA	stb-swea-mom	2007-01-01T00:00:44Z	2014-09-27T16:30:41Z
2025-03-12T18:25:58.952Z AMDA	stb-swea-pad	2007-01-01T00:00:43Z	2014-09-27T16:30:40Z
2025-03-12T18:25:58.952Z AMDA	swarma-gps-all	2013-11-25T10:59:54Z	2022-02-17T23:59:59Z
2025-03-12T18:25:58.952Z AMDA	swarma-lp-all	2013-12-02T10:11:13Z	2024-03-31T23:59:59Z
2025-03-12T18:25:58.953Z AMDA	swarma-fac-all	2013-11-25T11:02:52Z	2024-04-12T23:59:59Z
2025-03-12T18:25:58.953Z AMDA	swarma-mag-all	2013-11-26T00:00:00Z	2017-12-31T23:59:59Z
2025-03-12T18:25:58.953Z AMDA	swarma-mag-tii	2015-11-01T15:58:14Z	2017-12-31T14:00:03Z
2025-03-12T18:25:58.954Z AMDA	swarmac-fac-all	2013-11-26T00:07:47Z	2024-04-12T23:59:59Z
2025-03-12T18:25:58.954Z AMDA	swarma-tii-all	2015-11-01T15:58:14Z	2017-12-31T14:00:03Z
2025-03-12T18:25:58.955Z AMDA	swarma-tii-prov	2013-12-13T00:00:00Z	2015-03-18T23:59:59Z
2025-03-12T18:25:58.955Z AMDA	swarmb-gps-all	2013-11-25T11:01:15Z	2020-12-31T23:59:59Z
2025-03-12T18:25:58.955Z AMDA	swarmb-lp-all	2013-12-02T11:44:45Z	2024-03-31T23:59:59Z
2025-03-12T18:25:58.956Z AMDA	swarmb-fac-all	2013-11-25T11:01:15Z	2024-04-12T23:59:59Z
2025-03-12T18:25:58.956Z AMDA	swarmb-mag-all	2013-11-28T00:00:00Z	2017-12-31T23:59:59Z
2025-03-12T18:25:58.957Z AMDA	swarmb-mag-tii	2015-11-01T17:33:17Z	2017-12-31T14:00:06Z
2025-03-12T18:25:58.957Z AMDA	swarmb-tii-all	2015-11-01T17:33:17Z	2017-12-31T14:00:06Z
2025-03-12T18:25:58.957Z AMDA	swarmb-tii-prov	2013-12-13T00:00:00Z	2015-03-18T23:59:59Z
2025-03-12T18:25:58.958Z AMDA	swarmc-gps-all	2013-11-25T11:02:17Z	2020-12-31T23:59:59Z
2025-03-12T18:25:58.958Z AMDA	swarmc-lp-all	2013-12-02T13:21:20Z	2024-03-31T23:59:59Z
2025-03-12T18:25:58.959Z AMDA	swarmc-fac-all	2013-11-26T00:00:00Z	2024-04-12T23:59:59Z
2025-03-12T18:25:58.959Z AMDA	swarmc-mag-all	2013-12-04T00:00:00Z	2017-12-31T23:59:59Z
2025-03-12T18:25:58.959Z AMDA	swarmc-mag-tii	2015-11-01T17:32:18Z	2017-12-31T14:00:03Z
2025-03-12T18:25:58.960Z AMDA	swarmc-tii-all	2015-11-01T17:32:18Z	2017-12-31T14:00:03Z
2025-03-12T18:25:58.960Z AMDA	swarmc-tii-prov	2013-12-13T00:00:00Z	2013-12-31T23:59:59Z
2025-03-12T18:25:58.961Z AMDA	bls-bepi-dsc	2016-08-01T00:00:00Z	2024-04-17T23:59:00Z
2025-03-12T18:25:58.961Z AMDA	bls-bepi-omni	1970-01-01T00:00:00Z	2024-04-01T23:00:00Z
2025-03-12T18:25:58.961Z AMDA	tao-bepi-dsc	2018-10-21T00:00:00Z	2022-06-26T00:00:00Z
2025-03-12T18:25:58.962Z AMDA	tao-bepi-sta	2018-01-01T00:00:00Z	2019-04-30T00:00:00Z
2025-03-12T18:25:58.962Z AMDA	tao-bepi-sw	2018-10-21T00:00:00Z	2024-02-14T00:00:00Z
2025-03-12T18:25:58.963Z AMDA	tao-bepi-swrt	2023-09-22T00:00:00Z	2024-01-08T00:00:00Z
2025-03-12T18:25:58.963Z AMDA	bls-jupiter-omni	1970-01-01T00:00:00Z	2024-04-01T23:00:00Z
2025-03-12T18:25:58.963Z AMDA	tao-jup-dsc	2016-08-01T00:00:00Z	2023-04-22T23:00:00Z
2025-03-12T18:25:58.964Z AMDA	tao-jup-sta	2007-03-01T00:00:00Z	2019-04-30T00:00:00Z
2025-03-12T18:25:58.964Z AMDA	tao-jup-stb	2007-10-01T00:00:00Z	2014-11-01T00:00:00Z
2025-03-12T18:25:58.965Z AMDA	tao-jup-sw	1990-01-01T01:00:00Z	2024-03-14T00:00:00Z
2025-03-12T18:25:58.965Z AMDA	tao-jup-swrt	2024-01-02T01:00:00Z	2024-03-26T00:00:00Z
2025-03-12T18:25:58.965Z AMDA	bls-mars-omni	1970-01-01T00:00:00Z	2024-04-01T23:00:00Z
2025-03-12T18:25:58.966Z AMDA	tao-mars-dsc	2016-08-01T00:00:00Z	2023-04-22T23:00:00Z
2025-03-12T18:25:58.966Z AMDA	tao-mars-sta	2007-03-01T00:00:00Z	2019-04-30T00:00:00Z
2025-03-12T18:25:58.967Z AMDA	tao-mars-stb	2007-03-01T00:00:00Z	2014-10-20T00:00:00Z
2025-03-12T18:25:58.967Z AMDA	tao-mars-sw	1990-01-01T01:00:00Z	2024-03-14T00:00:00Z
2025-03-12T18:25:58.967Z AMDA	tao-mars-swrt	2024-01-02T01:00:00Z	2024-03-27T00:00:00Z
2025-03-12T18:25:58.968Z AMDA	bls-mercury-omni	1970-01-01T00:00:00Z	2024-04-01T23:00:00Z
2025-03-12T18:25:58.968Z AMDA	tao-mercury-dsc	2016-08-01T00:00:00Z	2022-06-26T00:00:00Z
2025-03-12T18:25:58.969Z AMDA	tao-mercury-sta	2011-01-01T00:00:00Z	2019-04-29T00:00:00Z
2025-03-12T18:25:58.969Z AMDA	tao-mercury-stb	2008-01-01T00:00:00Z	2014-11-01T00:00:00Z
2025-03-12T18:25:58.969Z AMDA	tao-mercury-sw	1990-01-01T01:00:00Z	2024-02-14T00:00:00Z
2025-03-12T18:25:58.970Z AMDA	tao-mercury-swrt	2023-09-22T00:00:00Z	2024-01-08T00:00:00Z
2025-03-12T18:25:58.970Z AMDA	bls-neptune-omni	1970-01-01T00:00:00Z	2024-04-01T23:00:00Z
2025-03-12T18:25:58.971Z AMDA	tao-nep-dsc	2016-08-01T00:00:00Z	2022-06-25T23:00:00Z
2025-03-12T18:25:58.971Z AMDA	tao-nep-sta	2007-03-01T00:00:00Z	2019-01-01T00:00:00Z
2025-03-12T18:25:58.971Z AMDA	tao-nep-stb	2008-01-01T00:00:00Z	2014-11-01T00:00:00Z
2025-03-12T18:25:58.972Z AMDA	tao-nep-sw	2000-01-01T00:00:00Z	2024-03-14T00:00:00Z
2025-03-12T18:25:58.972Z AMDA	tao-nep-swrt	2024-01-02T01:00:00Z	2024-03-27T00:00:00Z
2025-03-12T18:25:58.973Z AMDA	bls-psp-dsc	2016-08-01T00:00:00Z	2024-04-17T23:59:00Z
2025-03-12T18:25:58.973Z AMDA	bls-psp-omni	1970-01-01T00:00:00Z	2024-04-01T23:00:00Z
2025-03-12T18:25:58.973Z AMDA	tao-psp-dsc	2018-08-12T00:00:00Z	2022-06-25T23:00:00Z
2025-03-12T18:25:58.974Z AMDA	tao-psp-sta	2018-08-12T00:00:00Z	2019-04-29T00:00:00Z
2025-03-12T18:25:58.974Z AMDA	tao-psp-sw	2018-08-12T00:00:00Z	2024-02-14T00:00:00Z
2025-03-12T18:25:58.975Z AMDA	tao-psp-swrt	2023-09-22T00:00:00Z	2024-01-08T00:00:00Z
2025-03-12T18:25:58.975Z AMDA	bls-ros-omni	1970-01-01T00:00:00Z	2024-04-01T23:00:00Z
2025-03-12T18:25:58.975Z AMDA	tao-ros-sw	2014-01-01T00:00:00Z	2016-10-01T00:00:00Z
2025-03-12T18:25:58.976Z AMDA	bls-saturn-omni	1970-01-01T00:00:00Z	2024-04-01T23:00:00Z
2025-03-12T18:25:58.976Z AMDA	tao-sat-dsc	2016-08-01T00:00:00Z	2022-06-26T23:00:00Z
2025-03-12T18:25:58.977Z AMDA	tao-sat-sta	2007-03-01T00:00:00Z	2019-04-29T00:00:00Z
2025-03-12T18:25:58.977Z AMDA	tao-sat-stb	2008-01-01T00:00:00Z	2014-11-01T00:00:00Z
2025-03-12T18:25:58.977Z AMDA	tao-sat-sw	1990-01-01T01:30:00Z	2024-03-14T00:00:00Z
2025-03-12T18:25:58.978Z AMDA	tao-sat-swrt	2024-01-02T01:00:00Z	2024-03-27T00:00:00Z
2025-03-12T18:25:58.978Z AMDA	bls-solo-dsc	2016-08-01T00:00:00Z	2024-04-17T23:59:00Z
2025-03-12T18:25:58.979Z AMDA	tao-so-dsc	2020-03-01T00:00:00Z	2022-06-25T23:00:00Z
2025-03-12T18:25:58.979Z AMDA	tao-so-sw	2020-01-01T00:00:00Z	2024-02-14T00:00:00Z
2025-03-12T18:25:58.979Z AMDA	bls-uranus-omni	1970-01-01T00:00:00Z	2024-04-01T23:00:00Z
2025-03-12T18:25:58.980Z AMDA	tao-ura-dsc	2016-08-01T00:00:00Z	2022-06-26T23:00:00Z
2025-03-12T18:25:58.980Z AMDA	tao-ura-sta	2007-03-01T00:00:00Z	2019-01-01T00:00:00Z
2025-03-12T18:25:58.981Z AMDA	tao-ura-stb	2008-01-01T00:00:00Z	2014-11-01T00:00:00Z
2025-03-12T18:25:58.981Z AMDA	tao-ura-sw	2010-01-01T00:00:00Z	2024-03-14T00:00:00Z
2025-03-12T18:25:58.981Z AMDA	tao-ura-swrt	2024-01-02T01:00:00Z	2024-03-27T00:00:00Z
2025-03-12T18:25:58.982Z AMDA	bls-venus-omni	1970-01-01T00:00:00Z	2024-04-01T23:00:00Z
2025-03-12T18:25:58.982Z AMDA	tao-venus-dsc	2016-08-01T00:00:00Z	2024-03-23T00:00:00Z
2025-03-12T18:25:58.983Z AMDA	tao-venus-sta	2011-01-01T00:00:00Z	2019-04-29T00:00:00Z
2025-03-12T18:25:58.983Z AMDA	tao-venus-stb	2008-01-01T00:00:00Z	2014-01-01T00:00:00Z
2025-03-12T18:25:58.983Z AMDA	tao-venus-sw	1990-01-01T01:00:00Z	2024-03-13T00:00:00Z
2025-03-12T18:25:58.984Z AMDA	tao-venus-swrt	2023-12-30T01:00:00Z	2024-03-28T00:00:00Z
2025-03-12T18:25:58.984Z AMDA	tao-cass-sw	1998-01-01T01:00:00Z	2004-07-04T00:00:00Z
2025-03-12T18:25:58.985Z AMDA	tao-juno-sw	2012-01-01T00:00:00Z	2016-11-02T22:00:00Z
2025-03-12T18:25:58.985Z AMDA	solo-eas-pad	2021-04-22T05:27:34Z	2023-08-31T17:32:33Z
2025-03-12T18:25:58.985Z AMDA	solo-eas1-nm3d	2020-06-15T14:48:38Z	2023-08-25T08:33:20Z
2025-03-12T18:25:58.986Z AMDA	solo-eas2-nm3d	2020-06-15T14:48:38Z	2023-08-25T08:33:20Z
2025-03-12T18:25:58.986Z AMDA	so-ept-e.anti	2020-05-13T00:00:03Z	2023-12-31T23:59:59Z
2025-03-12T18:25:58.986Z AMDA	so-ept-e.north	2020-05-13T00:00:03Z	2023-12-31T23:59:59Z
2025-03-12T18:25:58.987Z AMDA	so-ept-e.omni	2020-05-13T00:00:03Z	2023-12-31T23:59:59Z
2025-03-12T18:25:58.987Z AMDA	so-ept-e.south	2020-05-13T00:00:03Z	2023-12-31T23:59:59Z
2025-03-12T18:25:58.988Z AMDA	so-ept-e.sun	2020-05-13T00:00:03Z	2023-12-31T23:59:59Z
2025-03-12T18:25:58.988Z AMDA	so-ept-anti	2020-05-13T00:00:03Z	2023-12-31T23:59:59Z
2025-03-12T18:25:58.988Z AMDA	so-ept-north	2020-05-13T00:00:03Z	2023-12-31T23:59:59Z
2025-03-12T18:25:58.989Z AMDA	so-ept-omni	2020-05-13T00:00:03Z	2023-12-31T23:59:59Z
2025-03-12T18:25:58.989Z AMDA	so-ept-south	2020-05-13T00:00:03Z	2023-12-31T23:59:59Z
2025-03-12T18:25:58.990Z AMDA	so-ept-sun	2020-05-13T00:00:03Z	2023-12-31T23:59:59Z
2025-03-12T18:25:58.990Z AMDA	so-het-anti.1	2020-05-13T00:00:03Z	2023-12-31T23:59:55Z
2025-03-12T18:25:58.990Z AMDA	so-het-north.1	2020-05-13T00:00:03Z	2023-12-31T23:59:55Z
2025-03-12T18:25:58.991Z AMDA	so-het-omni.1	2020-05-13T00:00:03Z	2023-12-31T23:59:55Z
2025-03-12T18:25:58.991Z AMDA	so-het-south.1	2020-05-13T00:00:03Z	2023-12-31T23:59:55Z
2025-03-12T18:25:58.992Z AMDA	so-het-sun.1	2020-05-13T00:00:03Z	2023-12-31T23:59:55Z
2025-03-12T18:25:58.992Z AMDA	so-het-anti.2	2020-05-13T00:00:03Z	2023-12-31T23:59:55Z
2025-03-12T18:25:58.992Z AMDA	so-het-north.2	2020-05-13T00:00:03Z	2023-12-31T23:59:55Z
2025-03-12T18:25:58.993Z AMDA	so-het-omni.2	2020-05-13T00:00:03Z	2023-12-31T23:59:55Z
2025-03-12T18:25:58.993Z AMDA	so-het-south.2	2020-05-13T00:00:03Z	2023-12-31T23:59:55Z
2025-03-12T18:25:58.994Z AMDA	so-het-sun.2	2020-05-13T00:00:03Z	2023-12-31T23:59:55Z
2025-03-12T18:25:58.994Z AMDA	so-het-anti.3	2020-06-14T00:00:18Z	2023-04-30T23:59:57Z
2025-03-12T18:25:58.994Z AMDA	so-het-north.3	2020-06-14T00:00:18Z	2023-04-30T23:59:57Z
2025-03-12T18:25:58.995Z AMDA	so-het-omni.3	2020-06-14T00:00:18Z	2023-04-30T23:59:57Z
2025-03-12T18:25:58.995Z AMDA	so-het-south.3	2020-06-14T00:00:18Z	2023-04-30T23:59:57Z
2025-03-12T18:25:58.996Z AMDA	so-het-sun.3	2020-06-14T00:00:18Z	2023-04-30T23:59:57Z
2025-03-12T18:25:58.996Z AMDA	so-het-anti.4	2020-05-13T00:00:03Z	2023-12-31T23:59:55Z
2025-03-12T18:25:58.996Z AMDA	so-het-north.4	2020-05-13T00:00:03Z	2023-12-31T23:59:55Z
2025-03-12T18:25:58.997Z AMDA	so-het-omni.4	2020-05-13T00:00:03Z	2023-12-31T23:59:55Z
2025-03-12T18:25:58.997Z AMDA	so-het-south.4	2020-05-13T00:00:03Z	2023-12-31T23:59:55Z
2025-03-12T18:25:58.998Z AMDA	so-het-sun.4	2020-05-13T00:00:03Z	2023-12-31T23:59:55Z
2025-03-12T18:25:58.998Z AMDA	so-het-anti	2020-05-13T00:00:03Z	2023-12-31T23:59:55Z
2025-03-12T18:25:58.998Z AMDA	so-het-north	2020-05-13T00:00:03Z	2023-12-31T23:59:55Z
2025-03-12T18:25:58.999Z AMDA	so-het-omni	2020-05-13T00:00:03Z	2023-12-31T23:59:55Z
2025-03-12T18:25:58.999Z AMDA	so-het-south	2020-05-13T00:00:03Z	2023-12-31T23:59:55Z
2025-03-12T18:25:59.000Z AMDA	so-het-sun	2020-05-13T00:00:03Z	2023-12-31T23:59:55Z
2025-03-12T18:25:59.000Z AMDA	so-step-rates	2020-04-30T00:00:11Z	2021-10-22T11:48:29Z
2025-03-12T18:25:59.000Z AMDA	so-step-rtn	2020-04-30T00:00:11Z	2021-10-22T11:48:29Z
2025-03-12T18:25:59.001Z AMDA	solo-sisa-slow	2020-04-02T10:52:18Z	2023-12-31T23:35:23Z
2025-03-12T18:25:59.001Z AMDA	solo-sisb-slow	2020-06-14T00:10:09Z	2020-07-31T23:40:15Z
2025-03-12T18:25:59.002Z AMDA	so-orb-all	2020-02-11T00:00:00Z	2030-10-31T22:00:00Z
2025-03-12T18:25:59.002Z AMDA	so-orb-venus1	2020-12-20T00:00:00Z	2021-01-03T23:59:00Z
2025-03-12T18:25:59.002Z AMDA	so-orb-venus2	2021-08-01T00:00:00Z	2021-08-16T23:58:00Z
2025-03-12T18:25:59.003Z AMDA	solo-his-comp10min	2022-01-19T00:00:20Z	2022-12-31T23:58:03Z
2025-03-12T18:25:59.003Z AMDA	solo-mag-8s	2020-06-03T14:28:15Z	2023-02-13T20:49:37Z
2025-03-12T18:25:59.004Z AMDA	so-mag-1min	2020-04-15T00:00:29Z	2023-12-31T23:59:30Z
2025-03-12T18:25:59.004Z AMDA	so-mag-rtnhr	2020-04-15T00:00:00Z	2023-12-31T23:59:59Z
2025-03-12T18:25:59.004Z AMDA	solo-mag-hr	2020-04-15T00:00:00Z	2023-12-31T23:59:59Z
2025-03-12T18:25:59.005Z AMDA	solo-rpw-density10s	2020-06-15T00:00:10Z	2022-11-26T00:02:00Z
2025-03-12T18:25:59.005Z AMDA	solo-rpw-efield10s	2020-06-15T00:00:10Z	2022-12-01T00:01:20Z
2025-03-12T18:25:59.006Z AMDA	solo-rpw-scpot10s	2020-06-15T00:00:10Z	2022-12-01T00:01:20Z
2025-03-12T18:25:59.006Z AMDA	solo-rpw-survasm.f0	2020-06-15T01:05:14Z	2023-09-21T00:03:10Z
2025-03-12T18:25:59.007Z AMDA	solo-rpw-survasm.f1	2020-06-15T01:05:14Z	2023-09-20T23:03:10Z
2025-03-12T18:25:59.007Z AMDA	solo-rpw-survasm.f2	2020-06-15T01:05:14Z	2023-09-20T23:03:10Z
2025-03-12T18:25:59.007Z AMDA	solo-rpw-survbp1.bf0	2020-07-07T22:30:02Z	2023-09-20T18:03:11Z
2025-03-12T18:25:59.008Z AMDA	solo-rpw-survbp1.bf1	2020-07-07T22:30:02Z	2023-09-20T18:03:11Z
2025-03-12T18:25:59.008Z AMDA	solo-rpw-survbp1.nf0	2020-06-15T00:00:17Z	2023-09-21T00:03:10Z
2025-03-12T18:25:59.009Z AMDA	solo-rpw-survbp1.nf1	2020-06-15T00:00:17Z	2023-09-21T00:03:06Z
2025-03-12T18:25:59.009Z AMDA	solo-rpw-survbp1.nf2	2020-06-15T00:00:17Z	2023-09-21T00:03:06Z
2025-03-12T18:25:59.010Z AMDA	solo-rpw-survbp2.bf0	2020-07-07T22:30:06Z	2023-09-20T18:03:07Z
2025-03-12T18:25:59.010Z AMDA	solo-rpw-survbp2.bf1	2020-07-07T22:30:06Z	2023-09-20T18:03:07Z
2025-03-12T18:25:59.010Z AMDA	solo-rpw-survbp2.nf0	2020-06-15T00:00:29Z	2023-09-21T00:03:10Z
2025-03-12T18:25:59.011Z AMDA	solo-rpw-survbp2.nf1	2020-06-15T00:00:29Z	2023-09-21T00:02:50Z
2025-03-12T18:25:59.011Z AMDA	solo-rpw-survbp2.nf2	2020-06-15T00:00:29Z	2023-09-21T00:02:50Z
2025-03-12T18:25:59.012Z AMDA	fermi-lat-lc	2008-08-12T00:00:31Z	2024-04-13T23:59:34Z
2025-03-12T18:25:59.012Z AMDA	tha-esa-l2e	2007-03-07T18:53:59Z	2024-04-16T18:49:08Z
2025-03-12T18:25:59.012Z AMDA	tha-esa-l2i	2007-03-07T18:53:59Z	2024-04-16T18:50:03Z
2025-03-12T18:25:59.013Z AMDA	tha-peem-all	2007-08-02T00:00:30Z	2024-04-16T00:00:27Z
2025-03-12T18:25:59.013Z AMDA	tha-peim-all	2007-08-02T00:00:30Z	2024-04-16T00:00:27Z
2025-03-12T18:25:59.014Z AMDA	tha-pot-mom	2007-08-02T00:00:30Z	2024-04-16T00:00:27Z
2025-03-12T18:25:59.014Z AMDA	tha-orb-all	2007-02-17T23:36:00Z	2024-04-18T23:59:00Z
2025-03-12T18:25:59.015Z AMDA	tha-fgm-l	2007-02-23T03:29:29Z	2024-04-17T08:19:18Z
2025-03-12T18:25:59.015Z AMDA	tha-fgm-s	2007-02-26T23:00:35Z	2024-04-17T17:27:40Z
2025-03-12T18:25:59.015Z AMDA	tha-msph-models	2007-02-17T23:36:00Z	2024-04-18T23:59:00Z
2025-03-12T18:25:59.016Z AMDA	tha-t96-model	2007-02-17T23:36:00Z	2024-04-18T23:59:00Z
2025-03-12T18:25:59.016Z AMDA	thb-esa-l2e	2007-03-07T17:55:08Z	2024-04-16T02:20:41Z
2025-03-12T18:25:59.017Z AMDA	thb-esa-l2i	2007-03-07T17:55:08Z	2024-04-16T02:27:42Z
2025-03-12T18:25:59.017Z AMDA	thb-peem-all	2007-08-10T00:02:05Z	2024-04-16T02:20:58Z
2025-03-12T18:25:59.017Z AMDA	thb-peim-all	2007-08-10T00:02:05Z	2024-04-16T02:20:58Z
2025-03-12T18:25:59.018Z AMDA	thb-pot-mom	2007-08-10T00:02:05Z	2024-04-16T02:20:58Z
2025-03-12T18:25:59.018Z AMDA	thb-orb-all	2007-02-17T23:36:00Z	2024-04-18T23:59:00Z
2025-03-12T18:25:59.019Z AMDA	thb-fgm-l	2007-02-24T04:42:44Z	2024-04-16T18:26:07Z
2025-03-12T18:25:59.019Z AMDA	thb-fgm-s	2007-02-26T23:26:57Z	2024-04-16T16:27:58Z
2025-03-12T18:25:59.019Z AMDA	thb-msph-models	2007-02-17T23:36:00Z	2024-04-18T23:59:00Z
2025-03-12T18:25:59.020Z AMDA	thb-t96-model	2007-02-17T23:36:00Z	2024-04-18T23:59:00Z
2025-03-12T18:25:59.020Z AMDA	thc-esa-l2e	2007-03-07T15:58:39Z	2024-04-14T01:07:51Z
2025-03-12T18:25:59.021Z AMDA	thc-esa-l2i	2007-03-07T15:58:39Z	2024-04-14T01:05:48Z
2025-03-12T18:25:59.021Z AMDA	thc-peem-all	2007-08-10T00:00:32Z	2024-04-14T01:05:19Z
2025-03-12T18:25:59.021Z AMDA	thc-peim-all	2007-08-10T00:00:32Z	2024-04-14T01:05:19Z
2025-03-12T18:25:59.022Z AMDA	thc-pot-mom	2007-08-10T00:00:32Z	2024-04-14T01:05:19Z
2025-03-12T18:25:59.022Z AMDA	thc-orb-all	2007-02-17T23:36:00Z	2024-04-17T23:59:00Z
2025-03-12T18:25:59.023Z AMDA	thc-fgm-l	2007-02-22T23:17:57Z	2024-04-13T12:26:04Z
2025-03-12T18:25:59.023Z AMDA	thc-fgm-s	2007-02-26T22:17:50Z	2024-04-13T19:41:54Z
2025-03-12T18:25:59.023Z AMDA	thc-msph-models	2007-02-17T23:36:00Z	2024-04-17T23:59:00Z
2025-03-12T18:25:59.024Z AMDA	thc-t96-model	2007-02-17T23:36:00Z	2024-04-17T23:59:00Z
2025-03-12T18:25:59.024Z AMDA	thd-esa-l2e	2007-03-07T16:54:49Z	2024-04-16T00:25:05Z
2025-03-12T18:25:59.025Z AMDA	thd-esa-l2i	2007-03-07T16:54:49Z	2024-04-16T00:25:42Z
2025-03-12T18:25:59.025Z AMDA	thd-peem-all	2007-08-09T23:59:56Z	2024-04-16T00:26:02Z
2025-03-12T18:25:59.026Z AMDA	thd-peim-all	2007-08-09T23:59:56Z	2024-04-16T00:26:02Z
2025-03-12T18:25:59.026Z AMDA	thd-pot-mom	2007-08-09T23:59:56Z	2024-04-16T00:26:02Z
2025-03-12T18:25:59.026Z AMDA	thd-orb-all	2007-02-17T23:36:00Z	2024-04-16T23:59:00Z
2025-03-12T18:25:59.027Z AMDA	thd-fgm-l	2007-02-23T01:31:22Z	2024-04-16T00:25:45Z
2025-03-12T18:25:59.027Z AMDA	thd-fgm-s	2007-02-28T02:55:28Z	2024-04-16T00:24:49Z
2025-03-12T18:25:59.028Z AMDA	thd-msph-models	2007-02-17T23:36:00Z	2024-04-16T23:59:00Z
2025-03-12T18:25:59.028Z AMDA	thd-t96-model	2007-02-17T23:36:00Z	2024-04-16T23:59:00Z
2025-03-12T18:25:59.029Z AMDA	the-esa-l2e	2007-03-07T19:54:48Z	2024-04-15T23:59:53Z
2025-03-12T18:25:59.029Z AMDA	the-esa-l2i	2007-03-07T19:54:48Z	2024-04-15T23:58:05Z
2025-03-12T18:25:59.030Z AMDA	the-peem-all	2007-08-10T00:00:17Z	2024-04-15T23:16:21Z
2025-03-12T18:25:59.030Z AMDA	the-peim-all	2007-08-10T00:00:17Z	2024-04-15T23:16:21Z
2025-03-12T18:25:59.030Z AMDA	the-pot-mom	2007-08-10T00:00:17Z	2024-04-15T23:16:21Z
2025-03-12T18:25:59.031Z AMDA	the-orb-all	2007-02-17T23:36:00Z	2024-04-15T23:59:00Z
2025-03-12T18:25:59.031Z AMDA	the-fgm-l	2007-02-23T02:29:39Z	2024-04-15T23:15:56Z
2025-03-12T18:25:59.032Z AMDA	the-fgm-s	2007-02-28T05:17:46Z	2024-04-15T17:19:18Z
2025-03-12T18:25:59.032Z AMDA	the-msph-models	2007-02-17T23:36:00Z	2024-04-15T23:59:00Z
2025-03-12T18:25:59.032Z AMDA	the-t96-model	2007-02-17T23:36:00Z	2024-04-15T23:59:00Z
2025-03-12T18:25:59.033Z AMDA	ulys-orb-all	1990-10-07T00:00:00Z	2009-12-31T00:00:00Z
2025-03-12T18:25:59.033Z AMDA	ulys-orb-jup	1992-01-25T00:07:16Z	1992-02-17T23:56:31Z
2025-03-12T18:25:59.034Z AMDA	ulys-fgm-rtn	1990-10-25T16:50:45Z	2009-06-27T23:59:34Z
2025-03-12T18:25:59.034Z AMDA	ulys-mag-jupjg	1992-01-25T00:00:30Z	1992-02-17T23:59:30Z
2025-03-12T18:25:59.034Z AMDA	ulys-swi-ion	1990-12-07T20:02:48Z	2009-06-29T06:15:49Z
2025-03-12T18:25:59.035Z AMDA	ulys-swi-rat	1990-12-07T20:02:48Z	2009-06-29T06:15:49Z
2025-03-12T18:25:59.035Z AMDA	ulys-bae-mom	1990-11-18T00:55:16Z	2004-12-31T00:00:00Z
2025-03-12T18:25:59.036Z AMDA	ulys-bai-mom	1990-11-18T00:33:48Z	2009-06-30T15:54:12Z
2025-03-12T18:25:59.036Z AMDA	ulys-e-pa	1990-11-16T17:53:24Z	2008-01-14T15:19:08Z
2025-03-12T18:25:59.036Z AMDA	ulys-swoops-jup	1992-01-25T00:07:16Z	1992-02-17T23:56:31Z
2025-03-12T18:25:59.037Z AMDA	ulys-urap-dens	1992-02-08T15:00:28Z	1992-02-08T22:57:28Z
2025-03-12T18:25:59.037Z AMDA	ulys-urap-mag	1992-02-08T15:44:21Z	1992-02-08T22:42:01Z
2025-03-12T18:25:59.038Z AMDA	ulys-urap-temp	1992-02-08T15:02:30Z	1992-02-08T17:50:37Z
2025-03-12T18:25:59.038Z AMDA	vex-els-all	2005-03-03T01:48:33Z	2014-05-26T11:44:31Z
2025-03-12T18:25:59.038Z AMDA	vex-ima-bg	2005-12-09T13:01:57Z	2014-11-27T09:18:42Z
2025-03-12T18:25:59.039Z AMDA	vex-ima-extra	2006-01-08T10:09:39Z	2014-11-27T09:21:53Z
2025-03-12T18:25:59.039Z AMDA	vex-ima-param	2006-02-05T08:06:27Z	2014-11-27T09:21:53Z
2025-03-12T18:25:59.040Z AMDA	vex-ima-sw	2006-05-15T00:56:40Z	2014-11-27T06:48:16Z
2025-03-12T18:25:59.040Z AMDA	vex-mag-all	2006-04-24T00:00:00Z	2014-11-25T23:59:56Z
2025-03-12T18:25:59.041Z AMDA	vex-mag-hz	2006-04-24T00:00:00Z	2014-11-25T23:59:59Z
2025-03-12T18:25:59.041Z AMDA	vex-orb-all	2006-04-30T12:55:01Z	2015-12-04T22:57:05Z
2025-03-12T18:25:59.041Z AMDA	vo1-crs-full	1977-01-01T00:00:00Z	2021-12-31T18:00:00Z
2025-03-12T18:25:59.042Z AMDA	vo1-ephem-all	1977-09-06T00:00:00Z	2030-12-31T13:59:38Z
2025-03-12T18:25:59.042Z AMDA	vo1-ephem-jup	1979-01-01T00:00:00Z	1979-04-29T23:59:00Z
2025-03-12T18:25:59.043Z AMDA	vo1-ephem-sat	1980-10-31T00:00:00Z	1980-11-30T23:59:00Z
2025-03-12T18:25:59.043Z AMDA	vo1-lecp-full	1977-01-01T00:00:00Z	2021-12-31T18:00:00Z
2025-03-12T18:25:59.043Z AMDA	vo1-mag-full	1977-01-01T00:00:00Z	2021-12-31T18:00:00Z
2025-03-12T18:25:59.044Z AMDA	vo1-pls-full	1977-09-07T00:00:00Z	1980-12-31T23:00:00Z
2025-03-12T18:25:59.044Z AMDA	vo2-crs-full	1977-01-01T00:00:00Z	2020-12-31T11:00:00Z
2025-03-12T18:25:59.045Z AMDA	vo2-ephem-all	1977-08-21T00:00:00Z	2030-12-31T09:59:38Z
2025-03-12T18:25:59.045Z AMDA	vo2-ephem-jup	1979-04-30T00:00:00Z	1979-10-26T23:59:00Z
2025-03-12T18:25:59.045Z AMDA	vo2-ephem-sat	1981-08-13T00:00:00Z	1981-09-11T23:59:00Z
2025-03-12T18:25:59.046Z AMDA	vo2-orb-urahg	1986-01-21T00:00:00Z	1986-01-30T23:59:11Z
2025-03-12T18:25:59.046Z AMDA	vo2-orb-urau1	1986-01-24T07:00:00Z	1986-01-25T03:59:11Z
2025-03-12T18:25:59.047Z AMDA	vo2-lecp-full	1977-01-01T00:00:00Z	2020-12-31T11:00:00Z
2025-03-12T18:25:59.047Z AMDA	vo2-mag-full	1977-01-01T00:00:00Z	2020-12-31T11:00:00Z
2025-03-12T18:25:59.047Z AMDA	vo2-pls-full	1977-08-01T00:00:00Z	2018-11-30T23:00:00Z
2025-03-12T18:25:59.048Z AMDA	wnd-orb-all	1994-08-07T00:00:00Z	2024-04-14T23:50:00Z
2025-03-12T18:25:59.048Z AMDA	wnd-mfi-high	1994-11-12T00:00:01Z	2024-04-06T23:59:58Z
2025-03-12T18:25:59.049Z AMDA	wnd-mfi-kp	1994-11-12T00:00:30Z	2024-04-06T23:59:30Z
2025-03-12T18:25:59.049Z AMDA	wnd-swe-kp	1994-11-01T12:00:00Z	2024-01-20T23:58:45Z
2025-03-12T18:25:59.053Z Writing to ../data/availability/AMDA/AMDA.csv
2025-03-12T18:25:59.053Z Plotting availability for AMDA
2025-03-12T18:26:00.846Z Writing ../data/availability/AMDA/AMDA.all-before-tight-layout.png
2025-03-12T18:26:02.282Z Wrote   ../data/availability/AMDA/AMDA.all-before-tight-layout.png
2025-03-12T18:26:02.509Z Writing ../data/availability/AMDA/AMDA.all-after-tight-layout.png
2025-03-12T18:26:03.987Z Wrote   ../data/availability/AMDA/AMDA.all-after-tight-layout.png
